{"/home/bluehamster/ubuntudevelop/nb-06-welive-team5/src/events/event.repository.ts": {"path":"/home/bluehamster/ubuntudevelop/nb-06-welive-team5/src/events/event.repository.ts","statementMap":{"0":{"start":{"line":5,"column":0},"end":{"line":5,"column":22}},"1":{"start":{"line":33,"column":0},"end":{"line":33,"column":22}},"2":{"start":{"line":107,"column":0},"end":{"line":107,"column":22}},"3":{"start":{"line":114,"column":0},"end":{"line":114,"column":22}},"4":{"start":{"line":1,"column":0},"end":{"line":1,"column":86}},"5":{"start":{"line":10,"column":4},"end":{"line":29,"column":7}},"6":{"start":{"line":37,"column":15},"end":{"line":37,"column":33}},"7":{"start":{"line":38,"column":55},"end":{"line":38,"column":59}},"8":{"start":{"line":42,"column":8},"end":{"line":42,"column":76}},"9":{"start":{"line":44,"column":26},"end":{"line":46,"column":6}},"10":{"start":{"line":48,"column":4},"end":{"line":103,"column":5}},"11":{"start":{"line":50,"column":8},"end":{"line":53,"column":11}},"12":{"start":{"line":61,"column":8},"end":{"line":89,"column":9}},"13":{"start":{"line":62,"column":27},"end":{"line":69,"column":14}},"14":{"start":{"line":70,"column":12},"end":{"line":70,"column":89}},"15":{"start":{"line":70,"column":50},"end":{"line":70,"column":89}},"16":{"start":{"line":71,"column":12},"end":{"line":71,"column":33}},"17":{"start":{"line":72,"column":12},"end":{"line":72,"column":51}},"18":{"start":{"line":73,"column":12},"end":{"line":73,"column":61}},"19":{"start":{"line":74,"column":12},"end":{"line":74,"column":36}},"20":{"start":{"line":76,"column":25},"end":{"line":83,"column":14}},"21":{"start":{"line":84,"column":12},"end":{"line":84,"column":87}},"22":{"start":{"line":84,"column":48},"end":{"line":84,"column":87}},"23":{"start":{"line":85,"column":12},"end":{"line":85,"column":31}},"24":{"start":{"line":86,"column":12},"end":{"line":86,"column":49}},"25":{"start":{"line":87,"column":12},"end":{"line":87,"column":59}},"26":{"start":{"line":88,"column":12},"end":{"line":88,"column":34}},"27":{"start":{"line":91,"column":8},"end":{"line":102,"column":11}},"28":{"start":{"line":108,"column":4},"end":{"line":110,"column":7}},"29":{"start":{"line":115,"column":4},"end":{"line":118,"column":7}}},"fnMap":{"0":{"name":"findEvents","decl":{"start":{"line":5,"column":22},"end":{"line":5,"column":32}},"loc":{"start":{"line":8,"column":17},"end":{"line":30,"column":null}}},"1":{"name":"upsertEvent","decl":{"start":{"line":33,"column":22},"end":{"line":33,"column":33}},"loc":{"start":{"line":35,"column":33},"end":{"line":104,"column":null}}},"2":{"name":"deleteEvent","decl":{"start":{"line":107,"column":22},"end":{"line":107,"column":33}},"loc":{"start":{"line":107,"column":44},"end":{"line":111,"column":null}}},"3":{"name":"findEventById","decl":{"start":{"line":114,"column":22},"end":{"line":114,"column":35}},"loc":{"start":{"line":114,"column":46},"end":{"line":119,"column":null}}}},"branchMap":{"0":{"loc":{"start":{"line":37,"column":15},"end":{"line":37,"column":33}},"type":"binary-expr","locations":[{"start":{"line":37,"column":15},"end":{"line":37,"column":17}},{"start":{"line":37,"column":21},"end":{"line":37,"column":33}}]},"1":{"loc":{"start":{"line":42,"column":8},"end":{"line":42,"column":76}},"type":"cond-expr","locations":[{"start":{"line":42,"column":33},"end":{"line":42,"column":54}},{"start":{"line":42,"column":57},"end":{"line":42,"column":76}}]},"2":{"loc":{"start":{"line":48,"column":4},"end":{"line":103,"column":5}},"type":"if","locations":[{"start":{"line":48,"column":4},"end":{"line":103,"column":5}},{"start":{"line":54,"column":11},"end":{"line":103,"column":5}}]},"3":{"loc":{"start":{"line":61,"column":8},"end":{"line":89,"column":9}},"type":"if","locations":[{"start":{"line":61,"column":8},"end":{"line":89,"column":9}},{"start":{"line":75,"column":15},"end":{"line":89,"column":9}}]},"4":{"loc":{"start":{"line":70,"column":12},"end":{"line":70,"column":89}},"type":"if","locations":[{"start":{"line":70,"column":12},"end":{"line":70,"column":89}}]},"5":{"loc":{"start":{"line":84,"column":12},"end":{"line":84,"column":87}},"type":"if","locations":[{"start":{"line":84,"column":12},"end":{"line":84,"column":87}}]},"6":{"loc":{"start":{"line":99,"column":26},"end":{"line":99,"column":65}},"type":"cond-expr","locations":[{"start":{"line":99,"column":51},"end":{"line":99,"column":58}},{"start":{"line":99,"column":61},"end":{"line":99,"column":65}}]},"7":{"loc":{"start":{"line":100,"column":24},"end":{"line":100,"column":61}},"type":"cond-expr","locations":[{"start":{"line":100,"column":47},"end":{"line":100,"column":54}},{"start":{"line":100,"column":57},"end":{"line":100,"column":61}}]}},"s":{"0":1,"1":1,"2":1,"3":1,"4":1,"5":0,"6":0,"7":0,"8":0,"9":0,"10":0,"11":0,"12":0,"13":0,"14":0,"15":0,"16":0,"17":0,"18":0,"19":0,"20":0,"21":0,"22":0,"23":0,"24":0,"25":0,"26":0,"27":0,"28":0,"29":0},"f":{"0":0,"1":0,"2":0,"3":0},"b":{"0":[0,0],"1":[0,0],"2":[0,0],"3":[0,0],"4":[0],"5":[0],"6":[0,0],"7":[0,0]}}
,"/home/bluehamster/ubuntudevelop/nb-06-welive-team5/src/events/event.services.ts": {"path":"/home/bluehamster/ubuntudevelop/nb-06-welive-team5/src/events/event.services.ts","statementMap":{"0":{"start":{"line":7,"column":0},"end":{"line":7,"column":22}},"1":{"start":{"line":46,"column":0},"end":{"line":46,"column":22}},"2":{"start":{"line":56,"column":0},"end":{"line":56,"column":22}},"3":{"start":{"line":1,"column":0},"end":{"line":1,"column":54}},"4":{"start":{"line":3,"column":0},"end":{"line":3,"column":61}},"5":{"start":{"line":4,"column":0},"end":{"line":4,"column":57}},"6":{"start":{"line":8,"column":41},"end":{"line":8,"column":46}},"7":{"start":{"line":12,"column":22},"end":{"line":12,"column":58}},"8":{"start":{"line":13,"column":20},"end":{"line":13,"column":52}},"9":{"start":{"line":14,"column":4},"end":{"line":14,"column":38}},"10":{"start":{"line":16,"column":19},"end":{"line":16,"column":84}},"11":{"start":{"line":19,"column":4},"end":{"line":42,"column":7}},"12":{"start":{"line":20,"column":20},"end":{"line":20,"column":22}},"13":{"start":{"line":21,"column":23},"end":{"line":21,"column":32}},"14":{"start":{"line":22,"column":38},"end":{"line":22,"column":46}},"15":{"start":{"line":24,"column":8},"end":{"line":32,"column":9}},"16":{"start":{"line":25,"column":12},"end":{"line":25,"column":39}},"17":{"start":{"line":26,"column":12},"end":{"line":26,"column":58}},"18":{"start":{"line":27,"column":12},"end":{"line":27,"column":28}},"19":{"start":{"line":28,"column":15},"end":{"line":32,"column":9}},"20":{"start":{"line":29,"column":12},"end":{"line":29,"column":37}},"21":{"start":{"line":30,"column":12},"end":{"line":30,"column":30}},"22":{"start":{"line":31,"column":12},"end":{"line":31,"column":26}},"23":{"start":{"line":34,"column":8},"end":{"line":41,"column":10}},"24":{"start":{"line":48,"column":4},"end":{"line":50,"column":5}},"25":{"start":{"line":49,"column":8},"end":{"line":49,"column":59}},"26":{"start":{"line":52,"column":4},"end":{"line":52,"column":44}},"27":{"start":{"line":57,"column":18},"end":{"line":57,"column":62}},"28":{"start":{"line":58,"column":4},"end":{"line":60,"column":5}},"29":{"start":{"line":59,"column":8},"end":{"line":59,"column":51}},"30":{"start":{"line":62,"column":20},"end":{"line":62,"column":62}},"31":{"start":{"line":64,"column":4},"end":{"line":71,"column":6}}},"fnMap":{"0":{"name":"getEventList","decl":{"start":{"line":7,"column":22},"end":{"line":7,"column":34}},"loc":{"start":{"line":7,"column":56},"end":{"line":43,"column":null}}},"1":{"name":"(anonymous_19)","decl":{"start":{"line":19,"column":22},"end":{"line":19,"column":23}},"loc":{"start":{"line":19,"column":32},"end":{"line":42,"column":5}}},"2":{"name":"createOrUpdateEvent","decl":{"start":{"line":46,"column":22},"end":{"line":46,"column":41}},"loc":{"start":{"line":46,"column":62},"end":{"line":53,"column":null}}},"3":{"name":"deleteEvent","decl":{"start":{"line":56,"column":22},"end":{"line":56,"column":33}},"loc":{"start":{"line":56,"column":49},"end":{"line":72,"column":null}}}},"branchMap":{"0":{"loc":{"start":{"line":24,"column":8},"end":{"line":32,"column":9}},"type":"if","locations":[{"start":{"line":24,"column":8},"end":{"line":32,"column":9}},{"start":{"line":28,"column":15},"end":{"line":32,"column":9}}]},"1":{"loc":{"start":{"line":26,"column":23},"end":{"line":26,"column":57}},"type":"binary-expr","locations":[{"start":{"line":26,"column":23},"end":{"line":26,"column":44}},{"start":{"line":26,"column":48},"end":{"line":26,"column":57}}]},"2":{"loc":{"start":{"line":28,"column":15},"end":{"line":32,"column":9}},"type":"if","locations":[{"start":{"line":28,"column":15},"end":{"line":32,"column":9}}]},"3":{"loc":{"start":{"line":48,"column":4},"end":{"line":50,"column":5}},"type":"if","locations":[{"start":{"line":48,"column":4},"end":{"line":50,"column":5}}]},"4":{"loc":{"start":{"line":58,"column":4},"end":{"line":60,"column":5}},"type":"if","locations":[{"start":{"line":58,"column":4},"end":{"line":60,"column":5}}]},"5":{"loc":{"start":{"line":68,"column":19},"end":{"line":68,"column":55}},"type":"cond-expr","locations":[{"start":{"line":68,"column":38},"end":{"line":68,"column":46}},{"start":{"line":68,"column":49},"end":{"line":68,"column":55}}]}},"s":{"0":1,"1":1,"2":1,"3":1,"4":1,"5":1,"6":1,"7":1,"8":1,"9":1,"10":1,"11":1,"12":1,"13":1,"14":1,"15":1,"16":1,"17":1,"18":1,"19":0,"20":0,"21":0,"22":0,"23":1,"24":1,"25":1,"26":0,"27":0,"28":0,"29":0,"30":0,"31":0},"f":{"0":1,"1":1,"2":1,"3":0},"b":{"0":[1,0],"1":[1,0],"2":[0],"3":[1],"4":[0],"5":[0,0]}}
,"/home/bluehamster/ubuntudevelop/nb-06-welive-team5/src/libs/constants.ts": {"path":"/home/bluehamster/ubuntudevelop/nb-06-welive-team5/src/libs/constants.ts","statementMap":{"0":{"start":{"line":1,"column":0},"end":{"line":1,"column":33}},"1":{"start":{"line":2,"column":0},"end":{"line":2,"column":23}},"2":{"start":{"line":14,"column":9},"end":{"line":2,"column":54}},"3":{"start":{"line":3,"column":0},"end":{"line":3,"column":83}},"4":{"start":{"line":4,"column":0},"end":{"line":4,"column":43}},"5":{"start":{"line":21,"column":9},"end":{"line":21,"column":20}},"6":{"start":{"line":5,"column":0},"end":{"line":5,"column":7}},"7":{"start":{"line":22,"column":9},"end":{"line":5,"column":29}},"8":{"start":{"line":6,"column":0},"end":{"line":6,"column":51}},"9":{"start":{"line":9,"column":0},"end":{"line":9,"column":16}},"10":{"start":{"line":11,"column":13},"end":{"line":11,"column":31}},"11":{"start":{"line":12,"column":13},"end":{"line":12,"column":45}},"12":{"start":{"line":13,"column":13},"end":{"line":13,"column":47}},"13":{"start":{"line":20,"column":13},"end":{"line":20,"column":68}},"14":{"start":{"line":24,"column":13},"end":{"line":24,"column":38}},"15":{"start":{"line":25,"column":13},"end":{"line":25,"column":37}},"16":{"start":{"line":28,"column":32},"end":{"line":28,"column":67}},"17":{"start":{"line":43,"column":2},"end":{"line":43,"column":25}},"18":{"start":{"line":29,"column":33},"end":{"line":29,"column":69}},"19":{"start":{"line":44,"column":2},"end":{"line":44,"column":26}},"20":{"start":{"line":31,"column":0},"end":{"line":33,"column":1}},"21":{"start":{"line":32,"column":2},"end":{"line":32,"column":99}},"22":{"start":{"line":35,"column":33},"end":{"line":35,"column":46}},"23":{"start":{"line":41,"column":2},"end":{"line":41,"column":26}},"24":{"start":{"line":36,"column":34},"end":{"line":36,"column":48}},"25":{"start":{"line":42,"column":2},"end":{"line":42,"column":27}},"26":{"start":{"line":37,"column":17},"end":{"line":37,"column":54}},"27":{"start":{"line":40,"column":2},"end":{"line":40,"column":10}},"28":{"start":{"line":46,"column":0},"end":{"line":46,"column":45}},"29":{"start":{"line":46,"column":45},"end":{"line":46,"column":56}},"30":{"start":{"line":46,"column":56},"end":{"line":46,"column":97}}},"fnMap":{"0":{"name":"(anonymous_10)","decl":{"start":{"line":14,"column":9},"end":{"line":14,"column":15}},"loc":{"start":{"line":14,"column":9},"end":{"line":2,"column":54}}},"1":{"name":"(anonymous_11)","decl":{"start":{"line":46,"column":45},"end":{"line":46,"column":54}},"loc":{"start":{"line":46,"column":45},"end":{"line":46,"column":56}}},"2":{"name":"(anonymous_12)","decl":{"start":{"line":46,"column":56},"end":{"line":46,"column":72}},"loc":{"start":{"line":46,"column":56},"end":{"line":46,"column":97}}}},"branchMap":{"0":{"loc":{"start":{"line":12,"column":20},"end":{"line":12,"column":44}},"type":"binary-expr","locations":[{"start":{"line":12,"column":20},"end":{"line":12,"column":36}},{"start":{"line":12,"column":40},"end":{"line":12,"column":44}}]},"1":{"loc":{"start":{"line":31,"column":0},"end":{"line":33,"column":1}},"type":"if","locations":[{"start":{"line":31,"column":0},"end":{"line":33,"column":1}}]},"2":{"loc":{"start":{"line":31,"column":4},"end":{"line":31,"column":57}},"type":"binary-expr","locations":[{"start":{"line":31,"column":4},"end":{"line":31,"column":28}},{"start":{"line":31,"column":32},"end":{"line":31,"column":57}}]},"3":{"loc":{"start":{"line":37,"column":17},"end":{"line":37,"column":54}},"type":"binary-expr","locations":[{"start":{"line":37,"column":17},"end":{"line":37,"column":37}},{"start":{"line":37,"column":41},"end":{"line":37,"column":54}}]}},"s":{"0":10,"1":10,"2":10,"3":10,"4":10,"5":10,"6":10,"7":10,"8":10,"9":10,"10":10,"11":10,"12":10,"13":10,"14":10,"15":10,"16":10,"17":10,"18":10,"19":10,"20":10,"21":0,"22":10,"23":10,"24":10,"25":10,"26":10,"27":10,"28":10,"29":10,"30":10},"f":{"0":0,"1":0,"2":0},"b":{"0":[10,0],"1":[0],"2":[10,10],"3":[10,0]}}
,"/home/bluehamster/ubuntudevelop/nb-06-welive-team5/src/libs/errors/BadRequestError.ts": {"path":"/home/bluehamster/ubuntudevelop/nb-06-welive-team5/src/libs/errors/BadRequestError.ts","statementMap":{"0":{"start":{"line":3,"column":4},"end":{"line":3,"column":19}},"1":{"start":{"line":4,"column":4},"end":{"line":4,"column":34}},"2":{"start":{"line":8,"column":0},"end":{"line":8,"column":31}}},"fnMap":{"0":{"name":"(anonymous_0)","decl":{"start":{"line":2,"column":2},"end":{"line":2,"column":14}},"loc":{"start":{"line":2,"column":29},"end":{"line":5,"column":3}}}},"branchMap":{},"s":{"0":1,"1":1,"2":5},"f":{"0":1},"b":{}}
,"/home/bluehamster/ubuntudevelop/nb-06-welive-team5/src/libs/errors/ConflictError.ts": {"path":"/home/bluehamster/ubuntudevelop/nb-06-welive-team5/src/libs/errors/ConflictError.ts","statementMap":{"0":{"start":{"line":3,"column":4},"end":{"line":3,"column":19}},"1":{"start":{"line":4,"column":4},"end":{"line":4,"column":32}},"2":{"start":{"line":8,"column":0},"end":{"line":8,"column":29}}},"fnMap":{"0":{"name":"(anonymous_0)","decl":{"start":{"line":2,"column":2},"end":{"line":2,"column":14}},"loc":{"start":{"line":2,"column":29},"end":{"line":5,"column":3}}}},"branchMap":{},"s":{"0":0,"1":0,"2":4},"f":{"0":0},"b":{}}
,"/home/bluehamster/ubuntudevelop/nb-06-welive-team5/src/libs/errors/ForbiddenError.ts": {"path":"/home/bluehamster/ubuntudevelop/nb-06-welive-team5/src/libs/errors/ForbiddenError.ts","statementMap":{"0":{"start":{"line":3,"column":4},"end":{"line":3,"column":19}},"1":{"start":{"line":4,"column":4},"end":{"line":4,"column":33}},"2":{"start":{"line":8,"column":0},"end":{"line":8,"column":30}}},"fnMap":{"0":{"name":"(anonymous_0)","decl":{"start":{"line":2,"column":2},"end":{"line":2,"column":14}},"loc":{"start":{"line":2,"column":29},"end":{"line":5,"column":3}}}},"branchMap":{},"s":{"0":0,"1":0,"2":4},"f":{"0":0},"b":{}}
,"/home/bluehamster/ubuntudevelop/nb-06-welive-team5/src/libs/errors/NotFoundError.ts": {"path":"/home/bluehamster/ubuntudevelop/nb-06-welive-team5/src/libs/errors/NotFoundError.ts","statementMap":{"0":{"start":{"line":3,"column":4},"end":{"line":3,"column":19}},"1":{"start":{"line":4,"column":4},"end":{"line":4,"column":32}},"2":{"start":{"line":8,"column":0},"end":{"line":8,"column":29}}},"fnMap":{"0":{"name":"(anonymous_0)","decl":{"start":{"line":2,"column":2},"end":{"line":2,"column":14}},"loc":{"start":{"line":2,"column":29},"end":{"line":5,"column":3}}}},"branchMap":{},"s":{"0":0,"1":0,"2":11},"f":{"0":0},"b":{}}
,"/home/bluehamster/ubuntudevelop/nb-06-welive-team5/src/libs/errors/UnauthorizedError.ts": {"path":"/home/bluehamster/ubuntudevelop/nb-06-welive-team5/src/libs/errors/UnauthorizedError.ts","statementMap":{"0":{"start":{"line":3,"column":4},"end":{"line":3,"column":19}},"1":{"start":{"line":4,"column":4},"end":{"line":4,"column":36}},"2":{"start":{"line":8,"column":0},"end":{"line":8,"column":33}}},"fnMap":{"0":{"name":"(anonymous_0)","decl":{"start":{"line":2,"column":2},"end":{"line":2,"column":14}},"loc":{"start":{"line":2,"column":29},"end":{"line":5,"column":3}}}},"branchMap":{},"s":{"0":0,"1":0,"2":4},"f":{"0":0},"b":{}}
,"/home/bluehamster/ubuntudevelop/nb-06-welive-team5/src/libs/errors/errorHandler.ts": {"path":"/home/bluehamster/ubuntudevelop/nb-06-welive-team5/src/libs/errors/errorHandler.ts","statementMap":{"0":{"start":{"line":31,"column":0},"end":{"line":31,"column":16}},"1":{"start":{"line":1,"column":0},"end":{"line":1,"column":28}},"2":{"start":{"line":2,"column":0},"end":{"line":2,"column":42}},"3":{"start":{"line":3,"column":0},"end":{"line":3,"column":94}},"4":{"start":{"line":6,"column":0},"end":{"line":6,"column":48}},"5":{"start":{"line":7,"column":0},"end":{"line":7,"column":44}},"6":{"start":{"line":8,"column":0},"end":{"line":8,"column":46}},"7":{"start":{"line":9,"column":0},"end":{"line":9,"column":44}},"8":{"start":{"line":10,"column":0},"end":{"line":10,"column":52}},"9":{"start":{"line":20,"column":8},"end":{"line":20,"column":23}},"10":{"start":{"line":21,"column":8},"end":{"line":21,"column":37}},"11":{"start":{"line":22,"column":8},"end":{"line":22,"column":42}},"12":{"start":{"line":23,"column":8},"end":{"line":23,"column":25}},"13":{"start":{"line":24,"column":8},"end":{"line":24,"column":56}},"14":{"start":{"line":15,"column":0},"end":{"line":15,"column":13}},"15":{"start":{"line":32,"column":4},"end":{"line":35,"column":7}},"16":{"start":{"line":41,"column":34},"end":{"line":106,"column":1}},"17":{"start":{"line":48,"column":21},"end":{"line":48,"column":56}},"18":{"start":{"line":49,"column":18},"end":{"line":49,"column":52}},"19":{"start":{"line":50,"column":15},"end":{"line":50,"column":31}},"20":{"start":{"line":53,"column":4},"end":{"line":94,"column":5}},"21":{"start":{"line":54,"column":8},"end":{"line":54,"column":25}},"22":{"start":{"line":55,"column":8},"end":{"line":55,"column":61}},"23":{"start":{"line":56,"column":11},"end":{"line":94,"column":5}},"24":{"start":{"line":57,"column":8},"end":{"line":63,"column":9}},"25":{"start":{"line":58,"column":12},"end":{"line":58,"column":29}},"26":{"start":{"line":59,"column":12},"end":{"line":59,"column":50}},"27":{"start":{"line":60,"column":15},"end":{"line":63,"column":9}},"28":{"start":{"line":61,"column":12},"end":{"line":61,"column":29}},"29":{"start":{"line":62,"column":12},"end":{"line":62,"column":44}},"30":{"start":{"line":67,"column":9},"end":{"line":94,"column":5}},"31":{"start":{"line":68,"column":8},"end":{"line":68,"column":25}},"32":{"start":{"line":69,"column":8},"end":{"line":75,"column":9}},"33":{"start":{"line":70,"column":12},"end":{"line":70,"column":39}},"34":{"start":{"line":71,"column":15},"end":{"line":75,"column":9}},"35":{"start":{"line":72,"column":12},"end":{"line":72,"column":40}},"36":{"start":{"line":74,"column":12},"end":{"line":74,"column":45}},"37":{"start":{"line":79,"column":9},"end":{"line":94,"column":5}},"38":{"start":{"line":80,"column":8},"end":{"line":80,"column":25}},"39":{"start":{"line":81,"column":8},"end":{"line":81,"column":30}},"40":{"start":{"line":82,"column":11},"end":{"line":94,"column":5}},"41":{"start":{"line":83,"column":8},"end":{"line":83,"column":25}},"42":{"start":{"line":84,"column":8},"end":{"line":84,"column":30}},"43":{"start":{"line":85,"column":11},"end":{"line":94,"column":5}},"44":{"start":{"line":86,"column":8},"end":{"line":86,"column":25}},"45":{"start":{"line":87,"column":8},"end":{"line":87,"column":30}},"46":{"start":{"line":88,"column":11},"end":{"line":94,"column":5}},"47":{"start":{"line":89,"column":8},"end":{"line":89,"column":25}},"48":{"start":{"line":90,"column":8},"end":{"line":90,"column":30}},"49":{"start":{"line":91,"column":11},"end":{"line":94,"column":5}},"50":{"start":{"line":92,"column":8},"end":{"line":92,"column":25}},"51":{"start":{"line":93,"column":8},"end":{"line":93,"column":30}},"52":{"start":{"line":97,"column":4},"end":{"line":97,"column":93}},"53":{"start":{"line":100,"column":4},"end":{"line":105,"column":7}},"54":{"start":{"line":41,"column":13},"end":{"line":41,"column":34}},"55":{"start":{"line":108,"column":0},"end":{"line":108,"column":34}}},"fnMap":{"0":{"name":"(anonymous_1)","decl":{"start":{"line":19,"column":4},"end":{"line":19,"column":16}},"loc":{"start":{"line":19,"column":59},"end":{"line":25,"column":5}}},"1":{"name":"defaultNotFoundHandler","decl":{"start":{"line":31,"column":16},"end":{"line":31,"column":38}},"loc":{"start":{"line":31,"column":80},"end":{"line":36,"column":1}}},"2":{"name":"(anonymous_3)","decl":{"start":{"line":41,"column":34},"end":{"line":41,"column":null}},"loc":{"start":{"line":46,"column":4},"end":{"line":106,"column":1}}}},"branchMap":{"0":{"loc":{"start":{"line":19,"column":16},"end":{"line":19,"column":32}},"type":"default-arg","locations":[{"start":{"line":19,"column":29},"end":{"line":19,"column":32}}]},"1":{"loc":{"start":{"line":19,"column":34},"end":{"line":19,"column":46}},"type":"default-arg","locations":[{"start":{"line":19,"column":44},"end":{"line":19,"column":46}}]},"2":{"loc":{"start":{"line":19,"column":48},"end":{"line":19,"column":59}},"type":"default-arg","locations":[{"start":{"line":19,"column":55},"end":{"line":19,"column":59}}]},"3":{"loc":{"start":{"line":48,"column":21},"end":{"line":48,"column":56}},"type":"binary-expr","locations":[{"start":{"line":48,"column":21},"end":{"line":48,"column":35}},{"start":{"line":48,"column":39},"end":{"line":48,"column":49}},{"start":{"line":48,"column":53},"end":{"line":48,"column":56}}]},"4":{"loc":{"start":{"line":49,"column":18},"end":{"line":49,"column":52}},"type":"binary-expr","locations":[{"start":{"line":49,"column":18},"end":{"line":49,"column":29}},{"start":{"line":49,"column":33},"end":{"line":49,"column":52}}]},"5":{"loc":{"start":{"line":50,"column":15},"end":{"line":50,"column":31}},"type":"binary-expr","locations":[{"start":{"line":50,"column":15},"end":{"line":50,"column":23}},{"start":{"line":50,"column":27},"end":{"line":50,"column":31}}]},"6":{"loc":{"start":{"line":53,"column":4},"end":{"line":94,"column":5}},"type":"if","locations":[{"start":{"line":53,"column":4},"end":{"line":94,"column":5}},{"start":{"line":56,"column":11},"end":{"line":94,"column":5}}]},"7":{"loc":{"start":{"line":56,"column":11},"end":{"line":94,"column":5}},"type":"if","locations":[{"start":{"line":56,"column":11},"end":{"line":94,"column":5}},{"start":{"line":67,"column":9},"end":{"line":94,"column":5}}]},"8":{"loc":{"start":{"line":57,"column":8},"end":{"line":63,"column":9}},"type":"if","locations":[{"start":{"line":57,"column":8},"end":{"line":63,"column":9}},{"start":{"line":60,"column":15},"end":{"line":63,"column":9}}]},"9":{"loc":{"start":{"line":60,"column":15},"end":{"line":63,"column":9}},"type":"if","locations":[{"start":{"line":60,"column":15},"end":{"line":63,"column":9}}]},"10":{"loc":{"start":{"line":67,"column":9},"end":{"line":94,"column":5}},"type":"if","locations":[{"start":{"line":67,"column":9},"end":{"line":94,"column":5}},{"start":{"line":79,"column":9},"end":{"line":94,"column":5}}]},"11":{"loc":{"start":{"line":69,"column":8},"end":{"line":75,"column":9}},"type":"if","locations":[{"start":{"line":69,"column":8},"end":{"line":75,"column":9}},{"start":{"line":71,"column":15},"end":{"line":75,"column":9}}]},"12":{"loc":{"start":{"line":71,"column":15},"end":{"line":75,"column":9}},"type":"if","locations":[{"start":{"line":71,"column":15},"end":{"line":75,"column":9}},{"start":{"line":73,"column":15},"end":{"line":75,"column":9}}]},"13":{"loc":{"start":{"line":79,"column":9},"end":{"line":94,"column":5}},"type":"if","locations":[{"start":{"line":79,"column":9},"end":{"line":94,"column":5}},{"start":{"line":82,"column":11},"end":{"line":94,"column":5}}]},"14":{"loc":{"start":{"line":79,"column":13},"end":{"line":79,"column":73}},"type":"binary-expr","locations":[{"start":{"line":79,"column":13},"end":{"line":79,"column":39}},{"start":{"line":79,"column":43},"end":{"line":79,"column":73}}]},"15":{"loc":{"start":{"line":82,"column":11},"end":{"line":94,"column":5}},"type":"if","locations":[{"start":{"line":82,"column":11},"end":{"line":94,"column":5}},{"start":{"line":85,"column":11},"end":{"line":94,"column":5}}]},"16":{"loc":{"start":{"line":85,"column":11},"end":{"line":94,"column":5}},"type":"if","locations":[{"start":{"line":85,"column":11},"end":{"line":94,"column":5}},{"start":{"line":88,"column":11},"end":{"line":94,"column":5}}]},"17":{"loc":{"start":{"line":88,"column":11},"end":{"line":94,"column":5}},"type":"if","locations":[{"start":{"line":88,"column":11},"end":{"line":94,"column":5}},{"start":{"line":91,"column":11},"end":{"line":94,"column":5}}]},"18":{"loc":{"start":{"line":91,"column":11},"end":{"line":94,"column":5}},"type":"if","locations":[{"start":{"line":91,"column":11},"end":{"line":94,"column":5}}]},"19":{"loc":{"start":{"line":97,"column":45},"end":{"line":97,"column":66}},"type":"binary-expr","locations":[{"start":{"line":97,"column":45},"end":{"line":97,"column":53}},{"start":{"line":97,"column":57},"end":{"line":97,"column":66}}]},"20":{"loc":{"start":{"line":103,"column":12},"end":{"line":103,"column":28}},"type":"binary-expr","locations":[{"start":{"line":103,"column":12},"end":{"line":103,"column":16}},{"start":{"line":103,"column":20},"end":{"line":103,"column":28}}]},"21":{"loc":{"start":{"line":104,"column":12},"end":{"line":104,"column":74}},"type":"binary-expr","locations":[{"start":{"line":104,"column":12},"end":{"line":104,"column":50}},{"start":{"line":104,"column":54},"end":{"line":104,"column":74}}]}},"s":{"0":4,"1":4,"2":4,"3":4,"4":4,"5":4,"6":4,"7":4,"8":4,"9":8,"10":8,"11":8,"12":8,"13":8,"14":4,"15":0,"16":4,"17":0,"18":0,"19":0,"20":0,"21":0,"22":0,"23":0,"24":0,"25":0,"26":0,"27":0,"28":0,"29":0,"30":0,"31":0,"32":0,"33":0,"34":0,"35":0,"36":0,"37":0,"38":0,"39":0,"40":0,"41":0,"42":0,"43":0,"44":0,"45":0,"46":0,"47":0,"48":0,"49":0,"50":0,"51":0,"52":0,"53":0,"54":4,"55":4},"f":{"0":8,"1":0,"2":0},"b":{"0":[0],"1":[0],"2":[8],"3":[0,0,0],"4":[0,0],"5":[0,0],"6":[0,0],"7":[0,0],"8":[0,0],"9":[0],"10":[0,0],"11":[0,0],"12":[0,0],"13":[0,0],"14":[0,0],"15":[0,0],"16":[0,0],"17":[0,0],"18":[0],"19":[0,0],"20":[0,0],"21":[0,0]}}
,"/home/bluehamster/ubuntudevelop/nb-06-welive-team5/src/notices/notice.repository.ts": {"path":"/home/bluehamster/ubuntudevelop/nb-06-welive-team5/src/notices/notice.repository.ts","statementMap":{"0":{"start":{"line":1,"column":0},"end":{"line":1,"column":57}},"1":{"start":{"line":3,"column":28},"end":{"line":7,"column":2}},"2":{"start":{"line":3,"column":69},"end":{"line":7,"column":2}},"3":{"start":{"line":4,"column":4},"end":{"line":6,"column":7}},"4":{"start":{"line":3,"column":13},"end":{"line":3,"column":28}},"5":{"start":{"line":9,"column":27},"end":{"line":28,"column":2}},"6":{"start":{"line":9,"column":96},"end":{"line":28,"column":2}},"7":{"start":{"line":10,"column":34},"end":{"line":26,"column":6}},"8":{"start":{"line":27,"column":4},"end":{"line":27,"column":35}},"9":{"start":{"line":9,"column":13},"end":{"line":9,"column":27}},"10":{"start":{"line":30,"column":30},"end":{"line":50,"column":2}},"11":{"start":{"line":30,"column":57},"end":{"line":50,"column":2}},"12":{"start":{"line":31,"column":4},"end":{"line":49,"column":7}},"13":{"start":{"line":30,"column":13},"end":{"line":30,"column":30}},"14":{"start":{"line":52,"column":28},"end":{"line":57,"column":2}},"15":{"start":{"line":52,"column":87},"end":{"line":57,"column":2}},"16":{"start":{"line":53,"column":4},"end":{"line":56,"column":7}},"17":{"start":{"line":52,"column":13},"end":{"line":52,"column":28}},"18":{"start":{"line":59,"column":28},"end":{"line":63,"column":2}},"19":{"start":{"line":59,"column":55},"end":{"line":63,"column":2}},"20":{"start":{"line":60,"column":4},"end":{"line":62,"column":7}},"21":{"start":{"line":59,"column":13},"end":{"line":59,"column":28}},"22":{"start":{"line":65,"column":34},"end":{"line":72,"column":2}},"23":{"start":{"line":65,"column":61},"end":{"line":72,"column":2}},"24":{"start":{"line":66,"column":4},"end":{"line":71,"column":7}},"25":{"start":{"line":65,"column":13},"end":{"line":65,"column":34}}},"fnMap":{"0":{"name":"(anonymous_7)","decl":{"start":{"line":3,"column":28},"end":{"line":3,"column":35}},"loc":{"start":{"line":3,"column":69},"end":{"line":7,"column":2}}},"1":{"name":"(anonymous_8)","decl":{"start":{"line":3,"column":69},"end":{"line":3,"column":null}},"loc":{"start":{"line":3,"column":69},"end":{"line":7,"column":1}}},"2":{"name":"(anonymous_9)","decl":{"start":{"line":9,"column":27},"end":{"line":9,"column":34}},"loc":{"start":{"line":9,"column":96},"end":{"line":28,"column":2}}},"3":{"name":"(anonymous_10)","decl":{"start":{"line":9,"column":96},"end":{"line":9,"column":null}},"loc":{"start":{"line":9,"column":96},"end":{"line":28,"column":1}}},"4":{"name":"(anonymous_11)","decl":{"start":{"line":30,"column":30},"end":{"line":30,"column":37}},"loc":{"start":{"line":30,"column":57},"end":{"line":50,"column":2}}},"5":{"name":"(anonymous_12)","decl":{"start":{"line":30,"column":57},"end":{"line":30,"column":null}},"loc":{"start":{"line":30,"column":57},"end":{"line":50,"column":1}}},"6":{"name":"(anonymous_13)","decl":{"start":{"line":52,"column":28},"end":{"line":52,"column":35}},"loc":{"start":{"line":52,"column":87},"end":{"line":57,"column":2}}},"7":{"name":"(anonymous_14)","decl":{"start":{"line":52,"column":87},"end":{"line":52,"column":null}},"loc":{"start":{"line":52,"column":87},"end":{"line":57,"column":1}}},"8":{"name":"(anonymous_15)","decl":{"start":{"line":59,"column":28},"end":{"line":59,"column":35}},"loc":{"start":{"line":59,"column":55},"end":{"line":63,"column":2}}},"9":{"name":"(anonymous_16)","decl":{"start":{"line":59,"column":55},"end":{"line":59,"column":null}},"loc":{"start":{"line":59,"column":55},"end":{"line":63,"column":1}}},"10":{"name":"(anonymous_17)","decl":{"start":{"line":65,"column":34},"end":{"line":65,"column":41}},"loc":{"start":{"line":65,"column":61},"end":{"line":72,"column":2}}},"11":{"name":"(anonymous_18)","decl":{"start":{"line":65,"column":61},"end":{"line":65,"column":null}},"loc":{"start":{"line":65,"column":61},"end":{"line":72,"column":1}}}},"branchMap":{},"s":{"0":1,"1":1,"2":0,"3":0,"4":1,"5":1,"6":0,"7":0,"8":0,"9":1,"10":1,"11":0,"12":0,"13":1,"14":1,"15":0,"16":0,"17":1,"18":1,"19":0,"20":0,"21":1,"22":1,"23":0,"24":0,"25":1},"f":{"0":0,"1":0,"2":0,"3":0,"4":0,"5":0,"6":0,"7":0,"8":0,"9":0,"10":0,"11":0},"b":{}}
,"/home/bluehamster/ubuntudevelop/nb-06-welive-team5/src/notices/notice.service.ts": {"path":"/home/bluehamster/ubuntudevelop/nb-06-welive-team5/src/notices/notice.service.ts","statementMap":{"0":{"start":{"line":1,"column":0},"end":{"line":1,"column":38}},"1":{"start":{"line":3,"column":0},"end":{"line":3,"column":58}},"2":{"start":{"line":5,"column":0},"end":{"line":5,"column":56}},"3":{"start":{"line":6,"column":0},"end":{"line":6,"column":59}},"4":{"start":{"line":8,"column":28},"end":{"line":21,"column":2}},"5":{"start":{"line":8,"column":76},"end":{"line":21,"column":2}},"6":{"start":{"line":9,"column":53},"end":{"line":9,"column":57}},"7":{"start":{"line":9,"column":48},"end":{"line":9,"column":53}},"8":{"start":{"line":12,"column":20},"end":{"line":17,"column":null}},"9":{"start":{"line":20,"column":4},"end":{"line":20,"column":59}},"10":{"start":{"line":8,"column":13},"end":{"line":8,"column":28}},"11":{"start":{"line":23,"column":29},"end":{"line":53,"column":2}},"12":{"start":{"line":23,"column":63},"end":{"line":53,"column":2}},"13":{"start":{"line":24,"column":46},"end":{"line":24,"column":51}},"14":{"start":{"line":25,"column":17},"end":{"line":25,"column":35}},"15":{"start":{"line":27,"column":43},"end":{"line":27,"column":45}},"16":{"start":{"line":28,"column":4},"end":{"line":28,"column":44}},"17":{"start":{"line":28,"column":18},"end":{"line":28,"column":44}},"18":{"start":{"line":29,"column":4},"end":{"line":34,"column":5}},"19":{"start":{"line":30,"column":8},"end":{"line":33,"column":10}},"20":{"start":{"line":36,"column":36},"end":{"line":36,"column":90}},"21":{"start":{"line":38,"column":4},"end":{"line":52,"column":6}},"22":{"start":{"line":39,"column":39},"end":{"line":50,"column":11}},"23":{"start":{"line":23,"column":13},"end":{"line":23,"column":29}},"24":{"start":{"line":55,"column":31},"end":{"line":84,"column":2}},"25":{"start":{"line":55,"column":58},"end":{"line":84,"column":2}},"26":{"start":{"line":57,"column":19},"end":{"line":57,"column":66}},"27":{"start":{"line":58,"column":4},"end":{"line":58,"column":64}},"28":{"start":{"line":58,"column":17},"end":{"line":58,"column":64}},"29":{"start":{"line":60,"column":4},"end":{"line":60,"column":56}},"30":{"start":{"line":61,"column":4},"end":{"line":83,"column":6}},"31":{"start":{"line":75,"column":49},"end":{"line":82,"column":11}},"32":{"start":{"line":55,"column":13},"end":{"line":55,"column":31}},"33":{"start":{"line":86,"column":28},"end":{"line":117,"column":2}},"34":{"start":{"line":86,"column":110},"end":{"line":117,"column":2}},"35":{"start":{"line":87,"column":19},"end":{"line":87,"column":66}},"36":{"start":{"line":88,"column":4},"end":{"line":88,"column":64}},"37":{"start":{"line":88,"column":17},"end":{"line":88,"column":64}},"38":{"start":{"line":91,"column":20},"end":{"line":91,"column":46}},"39":{"start":{"line":92,"column":20},"end":{"line":92,"column":76}},"40":{"start":{"line":93,"column":4},"end":{"line":93,"column":93}},"41":{"start":{"line":93,"column":30},"end":{"line":93,"column":93}},"42":{"start":{"line":95,"column":53},"end":{"line":95,"column":57}},"43":{"start":{"line":95,"column":48},"end":{"line":95,"column":53}},"44":{"start":{"line":96,"column":20},"end":{"line":100,"column":null}},"45":{"start":{"line":103,"column":20},"end":{"line":103,"column":77}},"46":{"start":{"line":105,"column":4},"end":{"line":116,"column":6}},"47":{"start":{"line":86,"column":13},"end":{"line":86,"column":28}},"48":{"start":{"line":119,"column":28},"end":{"line":129,"column":2}},"49":{"start":{"line":119,"column":87},"end":{"line":129,"column":2}},"50":{"start":{"line":120,"column":19},"end":{"line":120,"column":66}},"51":{"start":{"line":121,"column":4},"end":{"line":121,"column":64}},"52":{"start":{"line":121,"column":17},"end":{"line":121,"column":64}},"53":{"start":{"line":124,"column":20},"end":{"line":124,"column":46}},"54":{"start":{"line":125,"column":20},"end":{"line":125,"column":76}},"55":{"start":{"line":126,"column":4},"end":{"line":126,"column":93}},"56":{"start":{"line":126,"column":30},"end":{"line":126,"column":93}},"57":{"start":{"line":128,"column":4},"end":{"line":128,"column":50}},"58":{"start":{"line":119,"column":13},"end":{"line":119,"column":28}}},"fnMap":{"0":{"name":"(anonymous_18)","decl":{"start":{"line":8,"column":28},"end":{"line":8,"column":35}},"loc":{"start":{"line":8,"column":76},"end":{"line":21,"column":2}}},"1":{"name":"(anonymous_19)","decl":{"start":{"line":8,"column":76},"end":{"line":8,"column":null}},"loc":{"start":{"line":8,"column":76},"end":{"line":21,"column":1}}},"2":{"name":"(anonymous_20)","decl":{"start":{"line":23,"column":29},"end":{"line":23,"column":36}},"loc":{"start":{"line":23,"column":63},"end":{"line":53,"column":2}}},"3":{"name":"(anonymous_21)","decl":{"start":{"line":23,"column":63},"end":{"line":23,"column":null}},"loc":{"start":{"line":23,"column":63},"end":{"line":53,"column":1}}},"4":{"name":"(anonymous_22)","decl":{"start":{"line":39,"column":29},"end":{"line":39,"column":35}},"loc":{"start":{"line":39,"column":38},"end":{"line":50,"column":11}}},"5":{"name":"(anonymous_23)","decl":{"start":{"line":55,"column":31},"end":{"line":55,"column":38}},"loc":{"start":{"line":55,"column":58},"end":{"line":84,"column":2}}},"6":{"name":"(anonymous_24)","decl":{"start":{"line":55,"column":58},"end":{"line":55,"column":null}},"loc":{"start":{"line":55,"column":58},"end":{"line":84,"column":1}}},"7":{"name":"(anonymous_25)","decl":{"start":{"line":75,"column":38},"end":{"line":75,"column":45}},"loc":{"start":{"line":75,"column":48},"end":{"line":82,"column":11}}},"8":{"name":"(anonymous_26)","decl":{"start":{"line":86,"column":28},"end":{"line":86,"column":35}},"loc":{"start":{"line":86,"column":110},"end":{"line":117,"column":2}}},"9":{"name":"(anonymous_27)","decl":{"start":{"line":86,"column":110},"end":{"line":86,"column":null}},"loc":{"start":{"line":86,"column":110},"end":{"line":117,"column":1}}},"10":{"name":"(anonymous_28)","decl":{"start":{"line":119,"column":28},"end":{"line":119,"column":35}},"loc":{"start":{"line":119,"column":87},"end":{"line":129,"column":2}}},"11":{"name":"(anonymous_29)","decl":{"start":{"line":119,"column":87},"end":{"line":119,"column":null}},"loc":{"start":{"line":119,"column":87},"end":{"line":129,"column":1}}}},"branchMap":{"0":{"loc":{"start":{"line":28,"column":4},"end":{"line":28,"column":44}},"type":"if","locations":[{"start":{"line":28,"column":4},"end":{"line":28,"column":44}}]},"1":{"loc":{"start":{"line":29,"column":4},"end":{"line":34,"column":5}},"type":"if","locations":[{"start":{"line":29,"column":4},"end":{"line":34,"column":5}}]},"2":{"loc":{"start":{"line":44,"column":24},"end":{"line":44,"column":55}},"type":"binary-expr","locations":[{"start":{"line":44,"column":24},"end":{"line":44,"column":43}},{"start":{"line":44,"column":47},"end":{"line":44,"column":55}}]},"3":{"loc":{"start":{"line":44,"column":24},"end":{"line":44,"column":43}},"type":"cond-expr","locations":[{"start":{"line":44,"column":37},"end":{"line":44,"column":39}},{"start":{"line":44,"column":37},"end":{"line":44,"column":43}}]},"4":{"loc":{"start":{"line":44,"column":24},"end":{"line":44,"column":39}},"type":"binary-expr","locations":[{"start":{"line":44,"column":24},"end":{"line":44,"column":39}},{"start":{"line":44,"column":37},"end":{"line":44,"column":39}}]},"5":{"loc":{"start":{"line":58,"column":4},"end":{"line":58,"column":64}},"type":"if","locations":[{"start":{"line":58,"column":4},"end":{"line":58,"column":64}}]},"6":{"loc":{"start":{"line":66,"column":20},"end":{"line":66,"column":51}},"type":"binary-expr","locations":[{"start":{"line":66,"column":20},"end":{"line":66,"column":39}},{"start":{"line":66,"column":43},"end":{"line":66,"column":51}}]},"7":{"loc":{"start":{"line":66,"column":20},"end":{"line":66,"column":39}},"type":"cond-expr","locations":[{"start":{"line":66,"column":33},"end":{"line":66,"column":35}},{"start":{"line":66,"column":33},"end":{"line":66,"column":39}}]},"8":{"loc":{"start":{"line":66,"column":20},"end":{"line":66,"column":35}},"type":"binary-expr","locations":[{"start":{"line":66,"column":20},"end":{"line":66,"column":35}},{"start":{"line":66,"column":33},"end":{"line":66,"column":35}}]},"9":{"loc":{"start":{"line":81,"column":24},"end":{"line":81,"column":56}},"type":"binary-expr","locations":[{"start":{"line":81,"column":24},"end":{"line":81,"column":44}},{"start":{"line":81,"column":48},"end":{"line":81,"column":56}}]},"10":{"loc":{"start":{"line":81,"column":24},"end":{"line":81,"column":44}},"type":"cond-expr","locations":[{"start":{"line":81,"column":38},"end":{"line":81,"column":40}},{"start":{"line":81,"column":38},"end":{"line":81,"column":44}}]},"11":{"loc":{"start":{"line":81,"column":24},"end":{"line":81,"column":40}},"type":"binary-expr","locations":[{"start":{"line":81,"column":24},"end":{"line":81,"column":40}},{"start":{"line":81,"column":38},"end":{"line":81,"column":40}}]},"12":{"loc":{"start":{"line":88,"column":4},"end":{"line":88,"column":64}},"type":"if","locations":[{"start":{"line":88,"column":4},"end":{"line":88,"column":64}}]},"13":{"loc":{"start":{"line":92,"column":20},"end":{"line":92,"column":76}},"type":"binary-expr","locations":[{"start":{"line":92,"column":20},"end":{"line":92,"column":43}},{"start":{"line":92,"column":47},"end":{"line":92,"column":76}}]},"14":{"loc":{"start":{"line":93,"column":4},"end":{"line":93,"column":93}},"type":"if","locations":[{"start":{"line":93,"column":4},"end":{"line":93,"column":93}}]},"15":{"loc":{"start":{"line":93,"column":8},"end":{"line":93,"column":28}},"type":"binary-expr","locations":[{"start":{"line":93,"column":8},"end":{"line":93,"column":16}},{"start":{"line":93,"column":20},"end":{"line":93,"column":28}}]},"16":{"loc":{"start":{"line":98,"column":12},"end":{"line":98,"column":71}},"type":"binary-expr","locations":[{"start":{"line":98,"column":12},"end":{"line":98,"column":19}},{"start":{"line":98,"column":23},"end":{"line":98,"column":71}}]},"17":{"loc":{"start":{"line":99,"column":12},"end":{"line":99,"column":49}},"type":"binary-expr","locations":[{"start":{"line":99,"column":12},"end":{"line":99,"column":21}},{"start":{"line":99,"column":25},"end":{"line":99,"column":49}}]},"18":{"loc":{"start":{"line":100,"column":12},"end":{"line":100,"column":43}},"type":"binary-expr","locations":[{"start":{"line":100,"column":12},"end":{"line":100,"column":19}},{"start":{"line":100,"column":23},"end":{"line":100,"column":43}}]},"19":{"loc":{"start":{"line":110,"column":20},"end":{"line":110,"column":51}},"type":"binary-expr","locations":[{"start":{"line":110,"column":20},"end":{"line":110,"column":39}},{"start":{"line":110,"column":43},"end":{"line":110,"column":51}}]},"20":{"loc":{"start":{"line":110,"column":20},"end":{"line":110,"column":39}},"type":"cond-expr","locations":[{"start":{"line":110,"column":33},"end":{"line":110,"column":35}},{"start":{"line":110,"column":33},"end":{"line":110,"column":39}}]},"21":{"loc":{"start":{"line":110,"column":20},"end":{"line":110,"column":35}},"type":"binary-expr","locations":[{"start":{"line":110,"column":20},"end":{"line":110,"column":35}},{"start":{"line":110,"column":33},"end":{"line":110,"column":35}}]},"22":{"loc":{"start":{"line":121,"column":4},"end":{"line":121,"column":64}},"type":"if","locations":[{"start":{"line":121,"column":4},"end":{"line":121,"column":64}}]},"23":{"loc":{"start":{"line":125,"column":20},"end":{"line":125,"column":76}},"type":"binary-expr","locations":[{"start":{"line":125,"column":20},"end":{"line":125,"column":43}},{"start":{"line":125,"column":47},"end":{"line":125,"column":76}}]},"24":{"loc":{"start":{"line":126,"column":4},"end":{"line":126,"column":93}},"type":"if","locations":[{"start":{"line":126,"column":4},"end":{"line":126,"column":93}}]},"25":{"loc":{"start":{"line":126,"column":8},"end":{"line":126,"column":28}},"type":"binary-expr","locations":[{"start":{"line":126,"column":8},"end":{"line":126,"column":16}},{"start":{"line":126,"column":20},"end":{"line":126,"column":28}}]}},"s":{"0":1,"1":1,"2":1,"3":1,"4":1,"5":0,"6":0,"7":0,"8":0,"9":0,"10":1,"11":1,"12":0,"13":0,"14":0,"15":0,"16":0,"17":0,"18":0,"19":0,"20":0,"21":0,"22":0,"23":1,"24":1,"25":2,"26":2,"27":2,"28":1,"29":1,"30":1,"31":0,"32":1,"33":1,"34":0,"35":0,"36":0,"37":0,"38":0,"39":0,"40":0,"41":0,"42":0,"43":0,"44":0,"45":0,"46":0,"47":1,"48":1,"49":0,"50":0,"51":0,"52":0,"53":0,"54":0,"55":0,"56":0,"57":0,"58":1},"f":{"0":0,"1":0,"2":0,"3":0,"4":0,"5":2,"6":2,"7":0,"8":0,"9":0,"10":0,"11":0},"b":{"0":[0],"1":[0],"2":[0,0],"3":[0,0],"4":[0,0],"5":[1],"6":[1,0],"7":[0,1],"8":[1,1],"9":[0,0],"10":[0,0],"11":[0,0],"12":[0],"13":[0,0],"14":[0],"15":[0,0],"16":[0,0],"17":[0,0],"18":[0,0],"19":[0,0],"20":[0,0],"21":[0,0],"22":[0],"23":[0,0],"24":[0],"25":[0,0]}}
,"/home/bluehamster/ubuntudevelop/nb-06-welive-team5/src/notifications/notification.repository.ts": {"path":"/home/bluehamster/ubuntudevelop/nb-06-welive-team5/src/notifications/notification.repository.ts","statementMap":{"0":{"start":{"line":1,"column":0},"end":{"line":1,"column":49}},"1":{"start":{"line":3,"column":47},"end":{"line":13,"column":2}},"2":{"start":{"line":3,"column":72},"end":{"line":13,"column":2}},"3":{"start":{"line":4,"column":4},"end":{"line":12,"column":7}},"4":{"start":{"line":3,"column":13},"end":{"line":3,"column":47}},"5":{"start":{"line":15,"column":36},"end":{"line":19,"column":2}},"6":{"start":{"line":15,"column":69},"end":{"line":19,"column":2}},"7":{"start":{"line":16,"column":4},"end":{"line":18,"column":7}},"8":{"start":{"line":15,"column":13},"end":{"line":15,"column":36}},"9":{"start":{"line":21,"column":44},"end":{"line":26,"column":2}},"10":{"start":{"line":21,"column":77},"end":{"line":26,"column":2}},"11":{"start":{"line":22,"column":4},"end":{"line":25,"column":7}},"12":{"start":{"line":21,"column":13},"end":{"line":21,"column":44}}},"fnMap":{"0":{"name":"(anonymous_7)","decl":{"start":{"line":3,"column":47},"end":{"line":3,"column":54}},"loc":{"start":{"line":3,"column":72},"end":{"line":13,"column":2}}},"1":{"name":"(anonymous_8)","decl":{"start":{"line":3,"column":72},"end":{"line":3,"column":null}},"loc":{"start":{"line":3,"column":72},"end":{"line":13,"column":1}}},"2":{"name":"(anonymous_9)","decl":{"start":{"line":15,"column":36},"end":{"line":15,"column":43}},"loc":{"start":{"line":15,"column":69},"end":{"line":19,"column":2}}},"3":{"name":"(anonymous_10)","decl":{"start":{"line":15,"column":69},"end":{"line":15,"column":null}},"loc":{"start":{"line":15,"column":69},"end":{"line":19,"column":1}}},"4":{"name":"(anonymous_11)","decl":{"start":{"line":21,"column":44},"end":{"line":21,"column":51}},"loc":{"start":{"line":21,"column":77},"end":{"line":26,"column":2}}},"5":{"name":"(anonymous_12)","decl":{"start":{"line":21,"column":77},"end":{"line":21,"column":null}},"loc":{"start":{"line":21,"column":77},"end":{"line":26,"column":1}}}},"branchMap":{},"s":{"0":1,"1":1,"2":0,"3":0,"4":1,"5":1,"6":0,"7":0,"8":1,"9":1,"10":0,"11":0,"12":1},"f":{"0":0,"1":0,"2":0,"3":0,"4":0,"5":0},"b":{}}
,"/home/bluehamster/ubuntudevelop/nb-06-welive-team5/src/notifications/notification.service.ts": {"path":"/home/bluehamster/ubuntudevelop/nb-06-welive-team5/src/notifications/notification.service.ts","statementMap":{"0":{"start":{"line":2,"column":0},"end":{"line":2,"column":38}},"1":{"start":{"line":3,"column":0},"end":{"line":3,"column":68}},"2":{"start":{"line":4,"column":0},"end":{"line":4,"column":58}},"3":{"start":{"line":7,"column":13},"end":{"line":7,"column":54}},"4":{"start":{"line":9,"column":0},"end":{"line":9,"column":39}},"5":{"start":{"line":11,"column":35},"end":{"line":62,"column":1}},"6":{"start":{"line":13,"column":4},"end":{"line":13,"column":55}},"7":{"start":{"line":14,"column":4},"end":{"line":14,"column":47}},"8":{"start":{"line":15,"column":4},"end":{"line":15,"column":46}},"9":{"start":{"line":16,"column":4},"end":{"line":16,"column":23}},"10":{"start":{"line":20,"column":30},"end":{"line":49,"column":6}},"11":{"start":{"line":20,"column":41},"end":{"line":49,"column":6}},"12":{"start":{"line":21,"column":8},"end":{"line":48,"column":9}},"13":{"start":{"line":22,"column":34},"end":{"line":22,"column":102}},"14":{"start":{"line":25,"column":25},"end":{"line":34,"column":15}},"15":{"start":{"line":25,"column":49},"end":{"line":34,"column":14}},"16":{"start":{"line":36,"column":28},"end":{"line":39,"column":14}},"17":{"start":{"line":42,"column":12},"end":{"line":42,"column":62}},"18":{"start":{"line":44,"column":12},"end":{"line":44,"column":47}},"19":{"start":{"line":46,"column":12},"end":{"line":46,"column":54}},"20":{"start":{"line":46,"column":28},"end":{"line":46,"column":54}},"21":{"start":{"line":47,"column":12},"end":{"line":47,"column":22}},"22":{"start":{"line":52,"column":4},"end":{"line":52,"column":24}},"23":{"start":{"line":55,"column":4},"end":{"line":55,"column":55}},"24":{"start":{"line":58,"column":4},"end":{"line":61,"column":7}},"25":{"start":{"line":59,"column":8},"end":{"line":59,"column":50}},"26":{"start":{"line":59,"column":24},"end":{"line":59,"column":50}},"27":{"start":{"line":60,"column":8},"end":{"line":60,"column":18}},"28":{"start":{"line":11,"column":13},"end":{"line":11,"column":35}},"29":{"start":{"line":64,"column":26},"end":{"line":87,"column":2}},"30":{"start":{"line":64,"column":75},"end":{"line":87,"column":2}},"31":{"start":{"line":65,"column":25},"end":{"line":65,"column":90}},"32":{"start":{"line":67,"column":4},"end":{"line":69,"column":5}},"33":{"start":{"line":68,"column":8},"end":{"line":68,"column":53}},"34":{"start":{"line":71,"column":4},"end":{"line":73,"column":5}},"35":{"start":{"line":72,"column":8},"end":{"line":72,"column":48}},"36":{"start":{"line":75,"column":20},"end":{"line":75,"column":93}},"37":{"start":{"line":77,"column":4},"end":{"line":86,"column":6}},"38":{"start":{"line":64,"column":13},"end":{"line":64,"column":26}}},"fnMap":{"0":{"name":"(anonymous_16)","decl":{"start":{"line":11,"column":35},"end":{"line":11,"column":36}},"loc":{"start":{"line":11,"column":69},"end":{"line":62,"column":1}}},"1":{"name":"(anonymous_17)","decl":{"start":{"line":20,"column":30},"end":{"line":20,"column":39}},"loc":{"start":{"line":20,"column":41},"end":{"line":49,"column":6}}},"2":{"name":"(anonymous_18)","decl":{"start":{"line":20,"column":41},"end":{"line":20,"column":null}},"loc":{"start":{"line":20,"column":41},"end":{"line":49,"column":5}}},"3":{"name":"(anonymous_19)","decl":{"start":{"line":25,"column":43},"end":{"line":25,"column":44}},"loc":{"start":{"line":25,"column":49},"end":{"line":34,"column":14}}},"4":{"name":"(anonymous_20)","decl":{"start":{"line":58,"column":20},"end":{"line":58,"column":23}},"loc":{"start":{"line":58,"column":25},"end":{"line":61,"column":5}}},"5":{"name":"(anonymous_21)","decl":{"start":{"line":64,"column":26},"end":{"line":64,"column":33}},"loc":{"start":{"line":64,"column":75},"end":{"line":87,"column":2}}},"6":{"name":"(anonymous_22)","decl":{"start":{"line":64,"column":75},"end":{"line":64,"column":null}},"loc":{"start":{"line":64,"column":75},"end":{"line":87,"column":1}}}},"branchMap":{"0":{"loc":{"start":{"line":46,"column":12},"end":{"line":46,"column":54}},"type":"if","locations":[{"start":{"line":46,"column":12},"end":{"line":46,"column":54}}]},"1":{"loc":{"start":{"line":59,"column":8},"end":{"line":59,"column":50}},"type":"if","locations":[{"start":{"line":59,"column":8},"end":{"line":59,"column":50}}]},"2":{"loc":{"start":{"line":67,"column":4},"end":{"line":69,"column":5}},"type":"if","locations":[{"start":{"line":67,"column":4},"end":{"line":69,"column":5}}]},"3":{"loc":{"start":{"line":71,"column":4},"end":{"line":73,"column":5}},"type":"if","locations":[{"start":{"line":71,"column":4},"end":{"line":73,"column":5}}]}},"s":{"0":1,"1":1,"2":1,"3":1,"4":1,"5":1,"6":0,"7":0,"8":0,"9":0,"10":0,"11":0,"12":0,"13":0,"14":0,"15":0,"16":0,"17":0,"18":0,"19":0,"20":0,"21":0,"22":0,"23":0,"24":0,"25":0,"26":0,"27":0,"28":1,"29":1,"30":3,"31":3,"32":3,"33":0,"34":3,"35":2,"36":1,"37":1,"38":1},"f":{"0":0,"1":0,"2":0,"3":0,"4":0,"5":3,"6":3},"b":{"0":[0],"1":[0],"2":[0],"3":[2]}}
,"/home/bluehamster/ubuntudevelop/nb-06-welive-team5/src/pollScheduler/poll-Scheduler.controller.ts": {"path":"/home/bluehamster/ubuntudevelop/nb-06-welive-team5/src/pollScheduler/poll-Scheduler.controller.ts","statementMap":{"0":{"start":{"line":2,"column":0},"end":{"line":2,"column":59}},"1":{"start":{"line":4,"column":36},"end":{"line":14,"column":2}},"2":{"start":{"line":4,"column":115},"end":{"line":14,"column":2}},"3":{"start":{"line":5,"column":4},"end":{"line":13,"column":5}},"4":{"start":{"line":8,"column":8},"end":{"line":8,"column":50}},"5":{"start":{"line":10,"column":8},"end":{"line":10,"column":72}},"6":{"start":{"line":12,"column":8},"end":{"line":12,"column":20}},"7":{"start":{"line":4,"column":13},"end":{"line":4,"column":36}}},"fnMap":{"0":{"name":"(anonymous_16)","decl":{"start":{"line":4,"column":36},"end":{"line":4,"column":43}},"loc":{"start":{"line":4,"column":115},"end":{"line":14,"column":2}}},"1":{"name":"(anonymous_17)","decl":{"start":{"line":4,"column":115},"end":{"line":4,"column":null}},"loc":{"start":{"line":4,"column":115},"end":{"line":14,"column":1}}}},"branchMap":{},"s":{"0":1,"1":1,"2":2,"3":2,"4":2,"5":1,"6":1,"7":1},"f":{"0":2,"1":2},"b":{}}
,"/home/bluehamster/ubuntudevelop/nb-06-welive-team5/src/polls/poll.repository.ts": {"path":"/home/bluehamster/ubuntudevelop/nb-06-welive-team5/src/polls/poll.repository.ts","statementMap":{"0":{"start":{"line":1,"column":0},"end":{"line":1,"column":57}},"1":{"start":{"line":3,"column":34},"end":{"line":24,"column":2}},"2":{"start":{"line":3,"column":45},"end":{"line":24,"column":2}},"3":{"start":{"line":4,"column":16},"end":{"line":4,"column":26}},"4":{"start":{"line":7,"column":4},"end":{"line":13,"column":7}},"5":{"start":{"line":16,"column":4},"end":{"line":23,"column":7}},"6":{"start":{"line":3,"column":13},"end":{"line":3,"column":34}},"7":{"start":{"line":26,"column":26},"end":{"line":33,"column":2}},"8":{"start":{"line":26,"column":69},"end":{"line":33,"column":2}},"9":{"start":{"line":27,"column":4},"end":{"line":32,"column":7}},"10":{"start":{"line":26,"column":13},"end":{"line":26,"column":26}},"11":{"start":{"line":35,"column":25},"end":{"line":51,"column":2}},"12":{"start":{"line":35,"column":92},"end":{"line":51,"column":2}},"13":{"start":{"line":36,"column":32},"end":{"line":49,"column":6}},"14":{"start":{"line":50,"column":4},"end":{"line":50,"column":33}},"15":{"start":{"line":35,"column":13},"end":{"line":35,"column":25}},"16":{"start":{"line":53,"column":28},"end":{"line":63,"column":2}},"17":{"start":{"line":53,"column":53},"end":{"line":63,"column":2}},"18":{"start":{"line":54,"column":4},"end":{"line":62,"column":7}},"19":{"start":{"line":53,"column":13},"end":{"line":53,"column":28}},"20":{"start":{"line":65,"column":26},"end":{"line":73,"column":2}},"21":{"start":{"line":65,"column":81},"end":{"line":73,"column":2}},"22":{"start":{"line":66,"column":4},"end":{"line":72,"column":7}},"23":{"start":{"line":65,"column":13},"end":{"line":65,"column":26}},"24":{"start":{"line":75,"column":26},"end":{"line":79,"column":2}},"25":{"start":{"line":75,"column":51},"end":{"line":79,"column":2}},"26":{"start":{"line":76,"column":4},"end":{"line":78,"column":7}},"27":{"start":{"line":75,"column":13},"end":{"line":75,"column":26}}},"fnMap":{"0":{"name":"(anonymous_7)","decl":{"start":{"line":3,"column":34},"end":{"line":3,"column":43}},"loc":{"start":{"line":3,"column":45},"end":{"line":24,"column":2}}},"1":{"name":"(anonymous_8)","decl":{"start":{"line":3,"column":45},"end":{"line":3,"column":null}},"loc":{"start":{"line":3,"column":45},"end":{"line":24,"column":1}}},"2":{"name":"(anonymous_9)","decl":{"start":{"line":26,"column":26},"end":{"line":26,"column":33}},"loc":{"start":{"line":26,"column":69},"end":{"line":33,"column":2}}},"3":{"name":"(anonymous_10)","decl":{"start":{"line":26,"column":69},"end":{"line":26,"column":null}},"loc":{"start":{"line":26,"column":69},"end":{"line":33,"column":1}}},"4":{"name":"(anonymous_11)","decl":{"start":{"line":35,"column":25},"end":{"line":35,"column":32}},"loc":{"start":{"line":35,"column":92},"end":{"line":51,"column":2}}},"5":{"name":"(anonymous_12)","decl":{"start":{"line":35,"column":92},"end":{"line":35,"column":null}},"loc":{"start":{"line":35,"column":92},"end":{"line":51,"column":1}}},"6":{"name":"(anonymous_13)","decl":{"start":{"line":53,"column":28},"end":{"line":53,"column":35}},"loc":{"start":{"line":53,"column":53},"end":{"line":63,"column":2}}},"7":{"name":"(anonymous_14)","decl":{"start":{"line":53,"column":53},"end":{"line":53,"column":null}},"loc":{"start":{"line":53,"column":53},"end":{"line":63,"column":1}}},"8":{"name":"(anonymous_15)","decl":{"start":{"line":65,"column":26},"end":{"line":65,"column":33}},"loc":{"start":{"line":65,"column":81},"end":{"line":73,"column":2}}},"9":{"name":"(anonymous_16)","decl":{"start":{"line":65,"column":81},"end":{"line":65,"column":null}},"loc":{"start":{"line":65,"column":81},"end":{"line":73,"column":1}}},"10":{"name":"(anonymous_17)","decl":{"start":{"line":75,"column":26},"end":{"line":75,"column":33}},"loc":{"start":{"line":75,"column":51},"end":{"line":79,"column":2}}},"11":{"name":"(anonymous_18)","decl":{"start":{"line":75,"column":51},"end":{"line":75,"column":null}},"loc":{"start":{"line":75,"column":51},"end":{"line":79,"column":1}}}},"branchMap":{},"s":{"0":2,"1":2,"2":0,"3":0,"4":0,"5":0,"6":2,"7":2,"8":0,"9":0,"10":2,"11":2,"12":0,"13":0,"14":0,"15":2,"16":2,"17":0,"18":0,"19":2,"20":2,"21":0,"22":0,"23":2,"24":2,"25":0,"26":0,"27":2},"f":{"0":0,"1":0,"2":0,"3":0,"4":0,"5":0,"6":0,"7":0,"8":0,"9":0,"10":0,"11":0},"b":{}}
,"/home/bluehamster/ubuntudevelop/nb-06-welive-team5/src/polls/poll.services.ts": {"path":"/home/bluehamster/ubuntudevelop/nb-06-welive-team5/src/polls/poll.services.ts","statementMap":{"0":{"start":{"line":1,"column":0},"end":{"line":1,"column":38}},"1":{"start":{"line":2,"column":0},"end":{"line":2,"column":57}},"2":{"start":{"line":3,"column":0},"end":{"line":3,"column":58}},"3":{"start":{"line":5,"column":0},"end":{"line":5,"column":52}},"4":{"start":{"line":6,"column":0},"end":{"line":6,"column":59}},"5":{"start":{"line":13,"column":26},"end":{"line":36,"column":2}},"6":{"start":{"line":13,"column":76},"end":{"line":36,"column":2}},"7":{"start":{"line":14,"column":86},"end":{"line":14,"column":94}},"8":{"start":{"line":14,"column":81},"end":{"line":14,"column":86}},"9":{"start":{"line":16,"column":20},"end":{"line":33,"column":6}},"10":{"start":{"line":25,"column":49},"end":{"line":27,"column":18}},"11":{"start":{"line":34,"column":4},"end":{"line":34,"column":19}},"12":{"start":{"line":13,"column":13},"end":{"line":13,"column":26}},"13":{"start":{"line":41,"column":27},"end":{"line":75,"column":2}},"14":{"start":{"line":41,"column":59},"end":{"line":75,"column":2}},"15":{"start":{"line":42,"column":65},"end":{"line":42,"column":70}},"16":{"start":{"line":43,"column":17},"end":{"line":43,"column":35}},"17":{"start":{"line":46,"column":4},"end":{"line":46,"column":46}},"18":{"start":{"line":48,"column":41},"end":{"line":48,"column":43}},"19":{"start":{"line":50,"column":4},"end":{"line":50,"column":38}},"20":{"start":{"line":50,"column":16},"end":{"line":50,"column":38}},"21":{"start":{"line":51,"column":4},"end":{"line":51,"column":81}},"22":{"start":{"line":51,"column":42},"end":{"line":51,"column":81}},"23":{"start":{"line":52,"column":4},"end":{"line":54,"column":5}},"24":{"start":{"line":53,"column":8},"end":{"line":53,"column":90}},"25":{"start":{"line":56,"column":34},"end":{"line":56,"column":84}},"26":{"start":{"line":58,"column":4},"end":{"line":74,"column":6}},"27":{"start":{"line":60,"column":12},"end":{"line":71,"column":14}},"28":{"start":{"line":41,"column":13},"end":{"line":41,"column":27}},"29":{"start":{"line":80,"column":27},"end":{"line":107,"column":2}},"30":{"start":{"line":80,"column":52},"end":{"line":107,"column":2}},"31":{"start":{"line":82,"column":4},"end":{"line":82,"column":46}},"32":{"start":{"line":84,"column":17},"end":{"line":84,"column":58}},"33":{"start":{"line":86,"column":4},"end":{"line":86,"column":62}},"34":{"start":{"line":86,"column":15},"end":{"line":86,"column":62}},"35":{"start":{"line":88,"column":4},"end":{"line":106,"column":6}},"36":{"start":{"line":101,"column":51},"end":{"line":105,"column":10}},"37":{"start":{"line":80,"column":13},"end":{"line":80,"column":27}},"38":{"start":{"line":112,"column":26},"end":{"line":153,"column":2}},"39":{"start":{"line":112,"column":108},"end":{"line":153,"column":2}},"40":{"start":{"line":113,"column":17},"end":{"line":113,"column":58}},"41":{"start":{"line":114,"column":4},"end":{"line":114,"column":62}},"42":{"start":{"line":114,"column":15},"end":{"line":114,"column":62}},"43":{"start":{"line":115,"column":20},"end":{"line":115,"column":76}},"44":{"start":{"line":116,"column":20},"end":{"line":116,"column":44}},"45":{"start":{"line":117,"column":4},"end":{"line":117,"column":82}},"46":{"start":{"line":117,"column":30},"end":{"line":117,"column":82}},"47":{"start":{"line":119,"column":77},"end":{"line":119,"column":85}},"48":{"start":{"line":119,"column":72},"end":{"line":119,"column":77}},"49":{"start":{"line":121,"column":20},"end":{"line":121,"column":62}},"50":{"start":{"line":123,"column":4},"end":{"line":123,"column":86}},"51":{"start":{"line":123,"column":42},"end":{"line":123,"column":86}},"52":{"start":{"line":124,"column":4},"end":{"line":124,"column":52}},"53":{"start":{"line":124,"column":19},"end":{"line":124,"column":52}},"54":{"start":{"line":125,"column":4},"end":{"line":125,"column":46}},"55":{"start":{"line":125,"column":17},"end":{"line":125,"column":46}},"56":{"start":{"line":127,"column":4},"end":{"line":150,"column":5}},"57":{"start":{"line":129,"column":34},"end":{"line":129,"column":69}},"58":{"start":{"line":129,"column":62},"end":{"line":129,"column":68}},"59":{"start":{"line":131,"column":34},"end":{"line":131,"column":88}},"60":{"start":{"line":131,"column":53},"end":{"line":131,"column":59}},"61":{"start":{"line":133,"column":32},"end":{"line":133,"column":95}},"62":{"start":{"line":133,"column":63},"end":{"line":133,"column":94}},"63":{"start":{"line":135,"column":8},"end":{"line":149,"column":10}},"64":{"start":{"line":140,"column":42},"end":{"line":140,"column":48}},"65":{"start":{"line":140,"column":64},"end":{"line":143,"column":14}},"66":{"start":{"line":146,"column":42},"end":{"line":146,"column":49}},"67":{"start":{"line":146,"column":65},"end":{"line":148,"column":14}},"68":{"start":{"line":152,"column":4},"end":{"line":152,"column":63}},"69":{"start":{"line":112,"column":13},"end":{"line":112,"column":26}},"70":{"start":{"line":158,"column":26},"end":{"line":171,"column":2}},"71":{"start":{"line":158,"column":83},"end":{"line":171,"column":2}},"72":{"start":{"line":159,"column":17},"end":{"line":159,"column":58}},"73":{"start":{"line":160,"column":4},"end":{"line":160,"column":62}},"74":{"start":{"line":160,"column":15},"end":{"line":160,"column":62}},"75":{"start":{"line":163,"column":20},"end":{"line":163,"column":76}},"76":{"start":{"line":164,"column":20},"end":{"line":164,"column":44}},"77":{"start":{"line":166,"column":4},"end":{"line":168,"column":5}},"78":{"start":{"line":167,"column":8},"end":{"line":167,"column":74}},"79":{"start":{"line":167,"column":22},"end":{"line":167,"column":74}},"80":{"start":{"line":170,"column":4},"end":{"line":170,"column":44}},"81":{"start":{"line":158,"column":13},"end":{"line":158,"column":26}}},"fnMap":{"0":{"name":"(anonymous_18)","decl":{"start":{"line":13,"column":26},"end":{"line":13,"column":33}},"loc":{"start":{"line":13,"column":76},"end":{"line":36,"column":2}}},"1":{"name":"(anonymous_19)","decl":{"start":{"line":13,"column":76},"end":{"line":13,"column":null}},"loc":{"start":{"line":13,"column":76},"end":{"line":36,"column":1}}},"2":{"name":"(anonymous_20)","decl":{"start":{"line":25,"column":36},"end":{"line":25,"column":37}},"loc":{"start":{"line":25,"column":49},"end":{"line":27,"column":18}}},"3":{"name":"(anonymous_21)","decl":{"start":{"line":41,"column":27},"end":{"line":41,"column":34}},"loc":{"start":{"line":41,"column":59},"end":{"line":75,"column":2}}},"4":{"name":"(anonymous_22)","decl":{"start":{"line":41,"column":59},"end":{"line":41,"column":null}},"loc":{"start":{"line":41,"column":59},"end":{"line":75,"column":1}}},"5":{"name":"(anonymous_23)","decl":{"start":{"line":59,"column":25},"end":{"line":59,"column":26}},"loc":{"start":{"line":59,"column":34},"end":{"line":72,"column":9}}},"6":{"name":"(anonymous_24)","decl":{"start":{"line":80,"column":27},"end":{"line":80,"column":34}},"loc":{"start":{"line":80,"column":52},"end":{"line":107,"column":2}}},"7":{"name":"(anonymous_25)","decl":{"start":{"line":80,"column":52},"end":{"line":80,"column":null}},"loc":{"start":{"line":80,"column":52},"end":{"line":107,"column":1}}},"8":{"name":"(anonymous_26)","decl":{"start":{"line":101,"column":38},"end":{"line":101,"column":39}},"loc":{"start":{"line":101,"column":51},"end":{"line":105,"column":10}}},"9":{"name":"(anonymous_27)","decl":{"start":{"line":112,"column":26},"end":{"line":112,"column":33}},"loc":{"start":{"line":112,"column":108},"end":{"line":153,"column":2}}},"10":{"name":"(anonymous_28)","decl":{"start":{"line":112,"column":108},"end":{"line":112,"column":null}},"loc":{"start":{"line":112,"column":108},"end":{"line":153,"column":1}}},"11":{"name":"(anonymous_29)","decl":{"start":{"line":129,"column":55},"end":{"line":129,"column":58}},"loc":{"start":{"line":129,"column":62},"end":{"line":129,"column":68}}},"12":{"name":"(anonymous_30)","decl":{"start":{"line":131,"column":46},"end":{"line":131,"column":49}},"loc":{"start":{"line":131,"column":53},"end":{"line":131,"column":59}}},"13":{"name":"(anonymous_31)","decl":{"start":{"line":133,"column":57},"end":{"line":133,"column":59}},"loc":{"start":{"line":133,"column":63},"end":{"line":133,"column":94}}},"14":{"name":"(anonymous_32)","decl":{"start":{"line":140,"column":35},"end":{"line":140,"column":38}},"loc":{"start":{"line":140,"column":42},"end":{"line":140,"column":48}}},"15":{"name":"(anonymous_33)","decl":{"start":{"line":140,"column":54},"end":{"line":140,"column":55}},"loc":{"start":{"line":140,"column":64},"end":{"line":143,"column":14}}},"16":{"name":"(anonymous_34)","decl":{"start":{"line":146,"column":35},"end":{"line":146,"column":38}},"loc":{"start":{"line":146,"column":42},"end":{"line":146,"column":49}}},"17":{"name":"(anonymous_35)","decl":{"start":{"line":146,"column":55},"end":{"line":146,"column":56}},"loc":{"start":{"line":146,"column":65},"end":{"line":148,"column":14}}},"18":{"name":"(anonymous_36)","decl":{"start":{"line":158,"column":26},"end":{"line":158,"column":33}},"loc":{"start":{"line":158,"column":83},"end":{"line":171,"column":2}}},"19":{"name":"(anonymous_37)","decl":{"start":{"line":158,"column":83},"end":{"line":158,"column":null}},"loc":{"start":{"line":158,"column":83},"end":{"line":171,"column":1}}}},"branchMap":{"0":{"loc":{"start":{"line":50,"column":4},"end":{"line":50,"column":38}},"type":"if","locations":[{"start":{"line":50,"column":4},"end":{"line":50,"column":38}}]},"1":{"loc":{"start":{"line":51,"column":4},"end":{"line":51,"column":81}},"type":"if","locations":[{"start":{"line":51,"column":4},"end":{"line":51,"column":81}}]},"2":{"loc":{"start":{"line":52,"column":4},"end":{"line":54,"column":5}},"type":"if","locations":[{"start":{"line":52,"column":4},"end":{"line":54,"column":5}}]},"3":{"loc":{"start":{"line":64,"column":28},"end":{"line":64,"column":57}},"type":"binary-expr","locations":[{"start":{"line":64,"column":28},"end":{"line":64,"column":45}},{"start":{"line":64,"column":49},"end":{"line":64,"column":57}}]},"4":{"loc":{"start":{"line":64,"column":28},"end":{"line":64,"column":45}},"type":"cond-expr","locations":[{"start":{"line":64,"column":39},"end":{"line":64,"column":41}},{"start":{"line":64,"column":39},"end":{"line":64,"column":45}}]},"5":{"loc":{"start":{"line":64,"column":28},"end":{"line":64,"column":41}},"type":"binary-expr","locations":[{"start":{"line":64,"column":28},"end":{"line":64,"column":41}},{"start":{"line":64,"column":39},"end":{"line":64,"column":41}}]},"6":{"loc":{"start":{"line":86,"column":4},"end":{"line":86,"column":62}},"type":"if","locations":[{"start":{"line":86,"column":4},"end":{"line":86,"column":62}}]},"7":{"loc":{"start":{"line":92,"column":20},"end":{"line":92,"column":49}},"type":"binary-expr","locations":[{"start":{"line":92,"column":20},"end":{"line":92,"column":37}},{"start":{"line":92,"column":41},"end":{"line":92,"column":49}}]},"8":{"loc":{"start":{"line":92,"column":20},"end":{"line":92,"column":37}},"type":"cond-expr","locations":[{"start":{"line":92,"column":31},"end":{"line":92,"column":33}},{"start":{"line":92,"column":31},"end":{"line":92,"column":37}}]},"9":{"loc":{"start":{"line":92,"column":20},"end":{"line":92,"column":33}},"type":"binary-expr","locations":[{"start":{"line":92,"column":20},"end":{"line":92,"column":33}},{"start":{"line":92,"column":31},"end":{"line":92,"column":33}}]},"10":{"loc":{"start":{"line":114,"column":4},"end":{"line":114,"column":62}},"type":"if","locations":[{"start":{"line":114,"column":4},"end":{"line":114,"column":62}}]},"11":{"loc":{"start":{"line":115,"column":20},"end":{"line":115,"column":76}},"type":"binary-expr","locations":[{"start":{"line":115,"column":20},"end":{"line":115,"column":43}},{"start":{"line":115,"column":47},"end":{"line":115,"column":76}}]},"12":{"loc":{"start":{"line":117,"column":4},"end":{"line":117,"column":82}},"type":"if","locations":[{"start":{"line":117,"column":4},"end":{"line":117,"column":82}}]},"13":{"loc":{"start":{"line":117,"column":8},"end":{"line":117,"column":28}},"type":"binary-expr","locations":[{"start":{"line":117,"column":8},"end":{"line":117,"column":16}},{"start":{"line":117,"column":20},"end":{"line":117,"column":28}}]},"14":{"loc":{"start":{"line":123,"column":4},"end":{"line":123,"column":86}},"type":"if","locations":[{"start":{"line":123,"column":4},"end":{"line":123,"column":86}}]},"15":{"loc":{"start":{"line":124,"column":4},"end":{"line":124,"column":52}},"type":"if","locations":[{"start":{"line":124,"column":4},"end":{"line":124,"column":52}}]},"16":{"loc":{"start":{"line":125,"column":4},"end":{"line":125,"column":46}},"type":"if","locations":[{"start":{"line":125,"column":4},"end":{"line":125,"column":46}}]},"17":{"loc":{"start":{"line":127,"column":4},"end":{"line":150,"column":5}},"type":"if","locations":[{"start":{"line":127,"column":4},"end":{"line":150,"column":5}}]},"18":{"loc":{"start":{"line":137,"column":16},"end":{"line":137,"column":93}},"type":"binary-expr","locations":[{"start":{"line":137,"column":16},"end":{"line":137,"column":42}},{"start":{"line":137,"column":46},"end":{"line":137,"column":93}}]},"19":{"loc":{"start":{"line":160,"column":4},"end":{"line":160,"column":62}},"type":"if","locations":[{"start":{"line":160,"column":4},"end":{"line":160,"column":62}}]},"20":{"loc":{"start":{"line":163,"column":20},"end":{"line":163,"column":76}},"type":"binary-expr","locations":[{"start":{"line":163,"column":20},"end":{"line":163,"column":43}},{"start":{"line":163,"column":47},"end":{"line":163,"column":76}}]},"21":{"loc":{"start":{"line":166,"column":4},"end":{"line":168,"column":5}},"type":"if","locations":[{"start":{"line":166,"column":4},"end":{"line":168,"column":5}}]},"22":{"loc":{"start":{"line":167,"column":8},"end":{"line":167,"column":74}},"type":"if","locations":[{"start":{"line":167,"column":8},"end":{"line":167,"column":74}}]}},"s":{"0":1,"1":1,"2":1,"3":1,"4":1,"5":1,"6":0,"7":0,"8":0,"9":0,"10":0,"11":0,"12":1,"13":1,"14":0,"15":0,"16":0,"17":0,"18":0,"19":0,"20":0,"21":0,"22":0,"23":0,"24":0,"25":0,"26":0,"27":0,"28":1,"29":1,"30":2,"31":2,"32":2,"33":2,"34":1,"35":1,"36":1,"37":1,"38":1,"39":0,"40":0,"41":0,"42":0,"43":0,"44":0,"45":0,"46":0,"47":0,"48":0,"49":0,"50":0,"51":0,"52":0,"53":0,"54":0,"55":0,"56":0,"57":0,"58":0,"59":0,"60":0,"61":0,"62":0,"63":0,"64":0,"65":0,"66":0,"67":0,"68":0,"69":1,"70":1,"71":0,"72":0,"73":0,"74":0,"75":0,"76":0,"77":0,"78":0,"79":0,"80":0,"81":1},"f":{"0":0,"1":0,"2":0,"3":0,"4":0,"5":0,"6":2,"7":2,"8":1,"9":0,"10":0,"11":0,"12":0,"13":0,"14":0,"15":0,"16":0,"17":0,"18":0,"19":0},"b":{"0":[0],"1":[0],"2":[0],"3":[0,0],"4":[0,0],"5":[0,0],"6":[1],"7":[1,0],"8":[0,1],"9":[1,1],"10":[0],"11":[0,0],"12":[0],"13":[0,0],"14":[0],"15":[0],"16":[0],"17":[0],"18":[0,0],"19":[0],"20":[0,0],"21":[0],"22":[0]}}
,"/home/bluehamster/ubuntudevelop/nb-06-welive-team5/src/pollsvote/poll-vote.repository.ts": {"path":"/home/bluehamster/ubuntudevelop/nb-06-welive-team5/src/pollsvote/poll-vote.repository.ts","statementMap":{"0":{"start":{"line":1,"column":0},"end":{"line":1,"column":49}},"1":{"start":{"line":3,"column":34},"end":{"line":8,"column":2}},"2":{"start":{"line":3,"column":61},"end":{"line":8,"column":2}},"3":{"start":{"line":4,"column":4},"end":{"line":7,"column":7}},"4":{"start":{"line":3,"column":13},"end":{"line":3,"column":34}},"5":{"start":{"line":10,"column":34},"end":{"line":16,"column":2}},"6":{"start":{"line":10,"column":61},"end":{"line":16,"column":2}},"7":{"start":{"line":11,"column":19},"end":{"line":14,"column":6}},"8":{"start":{"line":15,"column":4},"end":{"line":15,"column":24}},"9":{"start":{"line":10,"column":13},"end":{"line":10,"column":34}},"10":{"start":{"line":18,"column":28},"end":{"line":27,"column":2}},"11":{"start":{"line":18,"column":69},"end":{"line":27,"column":2}},"12":{"start":{"line":19,"column":4},"end":{"line":26,"column":7}},"13":{"start":{"line":18,"column":13},"end":{"line":18,"column":28}},"14":{"start":{"line":29,"column":36},"end":{"line":36,"column":2}},"15":{"start":{"line":29,"column":79},"end":{"line":36,"column":2}},"16":{"start":{"line":30,"column":4},"end":{"line":35,"column":7}},"17":{"start":{"line":29,"column":13},"end":{"line":29,"column":36}},"18":{"start":{"line":38,"column":35},"end":{"line":42,"column":2}},"19":{"start":{"line":38,"column":60},"end":{"line":42,"column":2}},"20":{"start":{"line":39,"column":4},"end":{"line":41,"column":7}},"21":{"start":{"line":38,"column":13},"end":{"line":38,"column":35}},"22":{"start":{"line":44,"column":40},"end":{"line":59,"column":2}},"23":{"start":{"line":44,"column":125},"end":{"line":59,"column":2}},"24":{"start":{"line":45,"column":30},"end":{"line":57,"column":6}},"25":{"start":{"line":58,"column":4},"end":{"line":58,"column":25}},"26":{"start":{"line":44,"column":13},"end":{"line":44,"column":40}},"27":{"start":{"line":61,"column":40},"end":{"line":72,"column":2}},"28":{"start":{"line":61,"column":87},"end":{"line":72,"column":2}},"29":{"start":{"line":62,"column":30},"end":{"line":70,"column":6}},"30":{"start":{"line":71,"column":4},"end":{"line":71,"column":25}},"31":{"start":{"line":61,"column":13},"end":{"line":61,"column":40}}},"fnMap":{"0":{"name":"(anonymous_7)","decl":{"start":{"line":3,"column":34},"end":{"line":3,"column":41}},"loc":{"start":{"line":3,"column":61},"end":{"line":8,"column":2}}},"1":{"name":"(anonymous_8)","decl":{"start":{"line":3,"column":61},"end":{"line":3,"column":null}},"loc":{"start":{"line":3,"column":61},"end":{"line":8,"column":1}}},"2":{"name":"(anonymous_9)","decl":{"start":{"line":10,"column":34},"end":{"line":10,"column":41}},"loc":{"start":{"line":10,"column":61},"end":{"line":16,"column":2}}},"3":{"name":"(anonymous_10)","decl":{"start":{"line":10,"column":61},"end":{"line":10,"column":null}},"loc":{"start":{"line":10,"column":61},"end":{"line":16,"column":1}}},"4":{"name":"(anonymous_11)","decl":{"start":{"line":18,"column":28},"end":{"line":18,"column":35}},"loc":{"start":{"line":18,"column":69},"end":{"line":27,"column":2}}},"5":{"name":"(anonymous_12)","decl":{"start":{"line":18,"column":69},"end":{"line":18,"column":null}},"loc":{"start":{"line":18,"column":69},"end":{"line":27,"column":1}}},"6":{"name":"(anonymous_13)","decl":{"start":{"line":29,"column":36},"end":{"line":29,"column":43}},"loc":{"start":{"line":29,"column":79},"end":{"line":36,"column":2}}},"7":{"name":"(anonymous_14)","decl":{"start":{"line":29,"column":79},"end":{"line":29,"column":null}},"loc":{"start":{"line":29,"column":79},"end":{"line":36,"column":1}}},"8":{"name":"(anonymous_15)","decl":{"start":{"line":38,"column":35},"end":{"line":38,"column":42}},"loc":{"start":{"line":38,"column":60},"end":{"line":42,"column":2}}},"9":{"name":"(anonymous_16)","decl":{"start":{"line":38,"column":60},"end":{"line":38,"column":null}},"loc":{"start":{"line":38,"column":60},"end":{"line":42,"column":1}}},"10":{"name":"(anonymous_17)","decl":{"start":{"line":44,"column":40},"end":{"line":44,"column":47}},"loc":{"start":{"line":44,"column":125},"end":{"line":59,"column":2}}},"11":{"name":"(anonymous_18)","decl":{"start":{"line":44,"column":125},"end":{"line":44,"column":null}},"loc":{"start":{"line":44,"column":125},"end":{"line":59,"column":1}}},"12":{"name":"(anonymous_19)","decl":{"start":{"line":61,"column":40},"end":{"line":61,"column":47}},"loc":{"start":{"line":61,"column":87},"end":{"line":72,"column":2}}},"13":{"name":"(anonymous_20)","decl":{"start":{"line":61,"column":87},"end":{"line":61,"column":null}},"loc":{"start":{"line":61,"column":87},"end":{"line":72,"column":1}}}},"branchMap":{"0":{"loc":{"start":{"line":15,"column":11},"end":{"line":15,"column":23}},"type":"cond-expr","locations":[{"start":{"line":15,"column":17},"end":{"line":15,"column":19}},{"start":{"line":15,"column":11},"end":{"line":15,"column":23}}]},"1":{"loc":{"start":{"line":15,"column":11},"end":{"line":15,"column":19}},"type":"binary-expr","locations":[{"start":{"line":15,"column":11},"end":{"line":15,"column":19}},{"start":{"line":15,"column":11},"end":{"line":15,"column":19}}]}},"s":{"0":1,"1":1,"2":0,"3":0,"4":1,"5":1,"6":0,"7":0,"8":0,"9":1,"10":1,"11":0,"12":0,"13":1,"14":1,"15":0,"16":0,"17":1,"18":1,"19":0,"20":0,"21":1,"22":1,"23":0,"24":0,"25":0,"26":1,"27":1,"28":0,"29":0,"30":0,"31":1},"f":{"0":0,"1":0,"2":0,"3":0,"4":0,"5":0,"6":0,"7":0,"8":0,"9":0,"10":0,"11":0,"12":0,"13":0},"b":{"0":[0,0],"1":[0,0]}}
,"/home/bluehamster/ubuntudevelop/nb-06-welive-team5/src/pollsvote/poll-vote.service.ts": {"path":"/home/bluehamster/ubuntudevelop/nb-06-welive-team5/src/pollsvote/poll-vote.service.ts","statementMap":{"0":{"start":{"line":1,"column":0},"end":{"line":1,"column":58}},"1":{"start":{"line":2,"column":0},"end":{"line":2,"column":62}},"2":{"start":{"line":4,"column":23},"end":{"line":56,"column":2}},"3":{"start":{"line":4,"column":66},"end":{"line":56,"column":2}},"4":{"start":{"line":5,"column":19},"end":{"line":5,"column":73}},"5":{"start":{"line":6,"column":4},"end":{"line":8,"column":5}},"6":{"start":{"line":7,"column":8},"end":{"line":7,"column":54}},"7":{"start":{"line":10,"column":17},"end":{"line":10,"column":28}},"8":{"start":{"line":11,"column":19},"end":{"line":11,"column":26}},"9":{"start":{"line":12,"column":29},"end":{"line":12,"column":50}},"10":{"start":{"line":14,"column":4},"end":{"line":16,"column":5}},"11":{"start":{"line":15,"column":8},"end":{"line":15,"column":54}},"12":{"start":{"line":18,"column":4},"end":{"line":20,"column":5}},"13":{"start":{"line":19,"column":8},"end":{"line":19,"column":57}},"14":{"start":{"line":22,"column":25},"end":{"line":22,"column":79}},"15":{"start":{"line":23,"column":4},"end":{"line":25,"column":5}},"16":{"start":{"line":24,"column":8},"end":{"line":24,"column":89}},"17":{"start":{"line":27,"column":26},"end":{"line":27,"column":120}},"18":{"start":{"line":29,"column":23},"end":{"line":29,"column":76}},"19":{"start":{"line":31,"column":23},"end":{"line":31,"column":27}},"20":{"start":{"line":32,"column":4},"end":{"line":34,"column":5}},"21":{"start":{"line":33,"column":8},"end":{"line":33,"column":116}},"22":{"start":{"line":33,"column":61},"end":{"line":33,"column":113}},"23":{"start":{"line":36,"column":4},"end":{"line":55,"column":6}},"24":{"start":{"line":50,"column":42},"end":{"line":54,"column":10}},"25":{"start":{"line":4,"column":13},"end":{"line":4,"column":23}},"26":{"start":{"line":58,"column":26},"end":{"line":82,"column":2}},"27":{"start":{"line":58,"column":69},"end":{"line":82,"column":2}},"28":{"start":{"line":59,"column":17},"end":{"line":59,"column":71}},"29":{"start":{"line":60,"column":4},"end":{"line":62,"column":5}},"30":{"start":{"line":61,"column":8},"end":{"line":61,"column":56}},"31":{"start":{"line":63,"column":4},"end":{"line":65,"column":5}},"32":{"start":{"line":64,"column":8},"end":{"line":64,"column":68}},"33":{"start":{"line":67,"column":21},"end":{"line":67,"column":85}},"34":{"start":{"line":68,"column":4},"end":{"line":70,"column":5}},"35":{"start":{"line":69,"column":8},"end":{"line":69,"column":67}},"36":{"start":{"line":72,"column":26},"end":{"line":72,"column":99}},"37":{"start":{"line":74,"column":4},"end":{"line":81,"column":6}},"38":{"start":{"line":58,"column":13},"end":{"line":58,"column":26}}},"fnMap":{"0":{"name":"(anonymous_16)","decl":{"start":{"line":4,"column":23},"end":{"line":4,"column":30}},"loc":{"start":{"line":4,"column":66},"end":{"line":56,"column":2}}},"1":{"name":"(anonymous_17)","decl":{"start":{"line":4,"column":66},"end":{"line":4,"column":null}},"loc":{"start":{"line":4,"column":66},"end":{"line":56,"column":1}}},"2":{"name":"(anonymous_18)","decl":{"start":{"line":33,"column":41},"end":{"line":33,"column":42}},"loc":{"start":{"line":33,"column":61},"end":{"line":33,"column":113}}},"3":{"name":"(anonymous_19)","decl":{"start":{"line":50,"column":32},"end":{"line":50,"column":33}},"loc":{"start":{"line":50,"column":42},"end":{"line":54,"column":10}}},"4":{"name":"(anonymous_20)","decl":{"start":{"line":58,"column":26},"end":{"line":58,"column":33}},"loc":{"start":{"line":58,"column":69},"end":{"line":82,"column":2}}},"5":{"name":"(anonymous_21)","decl":{"start":{"line":58,"column":69},"end":{"line":58,"column":null}},"loc":{"start":{"line":58,"column":69},"end":{"line":82,"column":1}}}},"branchMap":{"0":{"loc":{"start":{"line":6,"column":4},"end":{"line":8,"column":5}},"type":"if","locations":[{"start":{"line":6,"column":4},"end":{"line":8,"column":5}}]},"1":{"loc":{"start":{"line":14,"column":4},"end":{"line":16,"column":5}},"type":"if","locations":[{"start":{"line":14,"column":4},"end":{"line":16,"column":5}}]},"2":{"loc":{"start":{"line":18,"column":4},"end":{"line":20,"column":5}},"type":"if","locations":[{"start":{"line":18,"column":4},"end":{"line":20,"column":5}}]},"3":{"loc":{"start":{"line":23,"column":4},"end":{"line":25,"column":5}},"type":"if","locations":[{"start":{"line":23,"column":4},"end":{"line":25,"column":5}}]},"4":{"loc":{"start":{"line":32,"column":4},"end":{"line":34,"column":5}},"type":"if","locations":[{"start":{"line":32,"column":4},"end":{"line":34,"column":5}}]},"5":{"loc":{"start":{"line":33,"column":61},"end":{"line":33,"column":113}},"type":"cond-expr","locations":[{"start":{"line":33,"column":99},"end":{"line":33,"column":103}},{"start":{"line":33,"column":106},"end":{"line":33,"column":113}}]},"6":{"loc":{"start":{"line":43,"column":22},"end":{"line":49,"column":18}},"type":"cond-expr","locations":[{"start":{"line":44,"column":14},"end":{"line":48,"column":null}},{"start":{"line":49,"column":14},"end":{"line":49,"column":18}}]},"7":{"loc":{"start":{"line":60,"column":4},"end":{"line":62,"column":5}},"type":"if","locations":[{"start":{"line":60,"column":4},"end":{"line":62,"column":5}}]},"8":{"loc":{"start":{"line":63,"column":4},"end":{"line":65,"column":5}},"type":"if","locations":[{"start":{"line":63,"column":4},"end":{"line":65,"column":5}}]},"9":{"loc":{"start":{"line":68,"column":4},"end":{"line":70,"column":5}},"type":"if","locations":[{"start":{"line":68,"column":4},"end":{"line":70,"column":5}}]}},"s":{"0":1,"1":1,"2":1,"3":4,"4":4,"5":4,"6":2,"7":2,"8":2,"9":2,"10":2,"11":0,"12":2,"13":0,"14":2,"15":2,"16":2,"17":0,"18":0,"19":0,"20":0,"21":0,"22":0,"23":0,"24":0,"25":1,"26":1,"27":0,"28":0,"29":0,"30":0,"31":0,"32":0,"33":0,"34":0,"35":0,"36":0,"37":0,"38":1},"f":{"0":4,"1":4,"2":0,"3":0,"4":0,"5":0},"b":{"0":[2],"1":[0],"2":[0],"3":[2],"4":[0],"5":[0,0],"6":[0,0],"7":[0],"8":[0],"9":[0]}}
}
