{"/home/rjstns23/nb-06-welive-team5/src/apartments/apartment.controller.ts": {"path":"/home/rjstns23/nb-06-welive-team5/src/apartments/apartment.controller.ts","statementMap":{"0":{"start":{"line":11,"column":0},"end":{"line":11,"column":22}},"1":{"start":{"line":25,"column":0},"end":{"line":25,"column":22}},"2":{"start":{"line":40,"column":0},"end":{"line":40,"column":22}},"3":{"start":{"line":51,"column":0},"end":{"line":51,"column":22}},"4":{"start":{"line":2,"column":0},"end":{"line":2,"column":57}},"5":{"start":{"line":3,"column":0},"end":{"line":3,"column":33}},"6":{"start":{"line":4,"column":0},"end":{"line":4,"column":64}},"7":{"start":{"line":5,"column":0},"end":{"line":5,"column":63}},"8":{"start":{"line":6,"column":0},"end":{"line":6,"column":61}},"9":{"start":{"line":12,"column":16},"end":{"line":12,"column":63}},"10":{"start":{"line":14,"column":32},"end":{"line":14,"column":81}},"11":{"start":{"line":16,"column":2},"end":{"line":19,"column":5}},"12":{"start":{"line":27,"column":16},"end":{"line":27,"column":62}},"13":{"start":{"line":29,"column":37},"end":{"line":29,"column":85}},"14":{"start":{"line":31,"column":2},"end":{"line":34,"column":5}},"15":{"start":{"line":41,"column":17},"end":{"line":41,"column":62}},"16":{"start":{"line":43,"column":20},"end":{"line":43,"column":65}},"17":{"start":{"line":45,"column":2},"end":{"line":45,"column":34}},"18":{"start":{"line":52,"column":17},"end":{"line":52,"column":62}},"19":{"start":{"line":54,"column":20},"end":{"line":54,"column":71}},"20":{"start":{"line":56,"column":2},"end":{"line":56,"column":null}}},"fnMap":{"0":{"name":"getPublicApartments","decl":{"start":{"line":11,"column":22},"end":{"line":11,"column":41}},"loc":{"start":{"line":11,"column":83},"end":{"line":20,"column":null}}},"1":{"name":"getAdminApartments","decl":{"start":{"line":25,"column":22},"end":{"line":25,"column":40}},"loc":{"start":{"line":25,"column":82},"end":{"line":35,"column":null}}},"2":{"name":"getApartmentDetail","decl":{"start":{"line":40,"column":22},"end":{"line":40,"column":40}},"loc":{"start":{"line":40,"column":82},"end":{"line":46,"column":null}}},"3":{"name":"getPublicApartmentDetail","decl":{"start":{"line":51,"column":22},"end":{"line":51,"column":46}},"loc":{"start":{"line":51,"column":88},"end":{"line":57,"column":null}}}},"branchMap":{},"s":{"0":1,"1":1,"2":1,"3":1,"4":1,"5":1,"6":1,"7":1,"8":1,"9":1,"10":1,"11":1,"12":1,"13":1,"14":1,"15":2,"16":2,"17":1,"18":1,"19":1,"20":1},"f":{"0":1,"1":1,"2":2,"3":1},"b":{}}
,"/home/rjstns23/nb-06-welive-team5/src/apartments/apartment.repository.ts": {"path":"/home/rjstns23/nb-06-welive-team5/src/apartments/apartment.repository.ts","statementMap":{"0":{"start":{"line":17,"column":0},"end":{"line":17,"column":22}},"1":{"start":{"line":32,"column":0},"end":{"line":32,"column":22}},"2":{"start":{"line":43,"column":0},"end":{"line":43,"column":22}},"3":{"start":{"line":54,"column":0},"end":{"line":54,"column":22}},"4":{"start":{"line":69,"column":0},"end":{"line":69,"column":22}},"5":{"start":{"line":86,"column":0},"end":{"line":86,"column":22}},"6":{"start":{"line":113,"column":0},"end":{"line":113,"column":22}},"7":{"start":{"line":150,"column":0},"end":{"line":150,"column":22}},"8":{"start":{"line":181,"column":0},"end":{"line":181,"column":22}},"9":{"start":{"line":206,"column":0},"end":{"line":206,"column":22}},"10":{"start":{"line":230,"column":0},"end":{"line":230,"column":22}},"11":{"start":{"line":237,"column":0},"end":{"line":237,"column":22}},"12":{"start":{"line":246,"column":0},"end":{"line":246,"column":22}},"13":{"start":{"line":21,"column":2},"end":{"line":26,"column":5}},"14":{"start":{"line":36,"column":2},"end":{"line":36,"column":53}},"15":{"start":{"line":48,"column":2},"end":{"line":48,"column":57}},"16":{"start":{"line":60,"column":2},"end":{"line":62,"column":5}},"17":{"start":{"line":73,"column":2},"end":{"line":80,"column":5}},"18":{"start":{"line":91,"column":21},"end":{"line":93,"column":null}},"19":{"start":{"line":96,"column":2},"end":{"line":107,"column":5}},"20":{"start":{"line":119,"column":2},"end":{"line":144,"column":5}},"21":{"start":{"line":154,"column":2},"end":{"line":175,"column":5}},"22":{"start":{"line":185,"column":2},"end":{"line":200,"column":5}},"23":{"start":{"line":216,"column":2},"end":{"line":224,"column":5}},"24":{"start":{"line":231,"column":2},"end":{"line":234,"column":5}},"25":{"start":{"line":238,"column":2},"end":{"line":240,"column":5}},"26":{"start":{"line":247,"column":2},"end":{"line":253,"column":5}}},"fnMap":{"0":{"name":"createApartment","decl":{"start":{"line":17,"column":22},"end":{"line":17,"column":37}},"loc":{"start":{"line":19,"column":59},"end":{"line":27,"column":null}}},"1":{"name":"createStructureGroup","decl":{"start":{"line":32,"column":22},"end":{"line":32,"column":42}},"loc":{"start":{"line":34,"column":49},"end":{"line":37,"column":null}}},"2":{"name":"createManyUnits","decl":{"start":{"line":43,"column":22},"end":{"line":43,"column":37}},"loc":{"start":{"line":45,"column":49},"end":{"line":49,"column":null}}},"3":{"name":"findExistingApartment","decl":{"start":{"line":54,"column":22},"end":{"line":54,"column":43}},"loc":{"start":{"line":58,"column":22},"end":{"line":63,"column":null}}},"4":{"name":"findUnitInfoById","decl":{"start":{"line":69,"column":22},"end":{"line":69,"column":38}},"loc":{"start":{"line":71,"column":12},"end":{"line":81,"column":null}}},"5":{"name":"findPublicApartments","decl":{"start":{"line":86,"column":22},"end":{"line":86,"column":42}},"loc":{"start":{"line":88,"column":35},"end":{"line":108,"column":null}}},"6":{"name":"findAdminApartments","decl":{"start":{"line":113,"column":22},"end":{"line":113,"column":41}},"loc":{"start":{"line":117,"column":14},"end":{"line":145,"column":null}}},"7":{"name":"findApartmentById","decl":{"start":{"line":150,"column":22},"end":{"line":150,"column":39}},"loc":{"start":{"line":152,"column":12},"end":{"line":176,"column":null}}},"8":{"name":"findPublicApartmentById","decl":{"start":{"line":181,"column":22},"end":{"line":181,"column":45}},"loc":{"start":{"line":183,"column":12},"end":{"line":201,"column":null}}},"9":{"name":"updateApartmentInfo","decl":{"start":{"line":206,"column":22},"end":{"line":206,"column":41}},"loc":{"start":{"line":214,"column":3},"end":{"line":225,"column":null}}},"10":{"name":"findApartmentByAdminId","decl":{"start":{"line":230,"column":22},"end":{"line":230,"column":44}},"loc":{"start":{"line":230,"column":74},"end":{"line":235,"column":null}}},"11":{"name":"removeApartment","decl":{"start":{"line":237,"column":22},"end":{"line":237,"column":37}},"loc":{"start":{"line":237,"column":71},"end":{"line":241,"column":null}}},"12":{"name":"activateApartment","decl":{"start":{"line":246,"column":22},"end":{"line":246,"column":39}},"loc":{"start":{"line":246,"column":90},"end":{"line":254,"column":null}}}},"branchMap":{},"s":{"0":1,"1":1,"2":1,"3":1,"4":1,"5":1,"6":1,"7":1,"8":1,"9":1,"10":1,"11":1,"12":1,"13":0,"14":0,"15":0,"16":0,"17":0,"18":0,"19":0,"20":0,"21":0,"22":0,"23":0,"24":0,"25":0,"26":0},"f":{"0":0,"1":0,"2":0,"3":0,"4":0,"5":0,"6":0,"7":0,"8":0,"9":0,"10":0,"11":0,"12":0},"b":{}}
,"/home/rjstns23/nb-06-welive-team5/src/apartments/apartment.router.ts": {"path":"/home/rjstns23/nb-06-welive-team5/src/apartments/apartment.router.ts","statementMap":{"0":{"start":{"line":1,"column":0},"end":{"line":1,"column":30}},"1":{"start":{"line":2,"column":0},"end":{"line":2,"column":38}},"2":{"start":{"line":3,"column":0},"end":{"line":3,"column":62}},"3":{"start":{"line":4,"column":0},"end":{"line":4,"column":48}},"4":{"start":{"line":5,"column":0},"end":{"line":5,"column":59}},"5":{"start":{"line":6,"column":0},"end":{"line":6,"column":53}},"6":{"start":{"line":8,"column":24},"end":{"line":8,"column":40}},"7":{"start":{"line":13,"column":0},"end":{"line":13,"column":84}},"8":{"start":{"line":18,"column":0},"end":{"line":23,"column":2}},"9":{"start":{"line":28,"column":0},"end":{"line":31,"column":2}},"10":{"start":{"line":36,"column":0},"end":{"line":41,"column":null}},"11":{"start":{"line":43,"column":0},"end":{"line":43,"column":31}}},"fnMap":{},"branchMap":{},"s":{"0":1,"1":1,"2":1,"3":1,"4":1,"5":1,"6":1,"7":1,"8":1,"9":1,"10":1,"11":1},"f":{},"b":{}}
,"/home/rjstns23/nb-06-welive-team5/src/apartments/apartment.services.ts": {"path":"/home/rjstns23/nb-06-welive-team5/src/apartments/apartment.services.ts","statementMap":{"0":{"start":{"line":12,"column":0},"end":{"line":12,"column":22}},"1":{"start":{"line":35,"column":0},"end":{"line":35,"column":22}},"2":{"start":{"line":78,"column":0},"end":{"line":78,"column":22}},"3":{"start":{"line":103,"column":0},"end":{"line":103,"column":22}},"4":{"start":{"line":2,"column":0},"end":{"line":2,"column":62}},"5":{"start":{"line":4,"column":0},"end":{"line":4,"column":49}},"6":{"start":{"line":5,"column":0},"end":{"line":5,"column":57}},"7":{"start":{"line":13,"column":37},"end":{"line":13,"column":44}},"8":{"start":{"line":15,"column":13},"end":{"line":25,"column":null}},"9":{"start":{"line":28,"column":30},"end":{"line":28,"column":97}},"10":{"start":{"line":29,"column":2},"end":{"line":29,"column":31}},"11":{"start":{"line":36,"column":82},"end":{"line":36,"column":89}},"12":{"start":{"line":38,"column":13},"end":{"line":47,"column":null}},"13":{"start":{"line":50,"column":15},"end":{"line":50,"column":33}},"14":{"start":{"line":52,"column":38},"end":{"line":56,"column":null}},"15":{"start":{"line":60,"column":21},"end":{"line":70,"column":4}},"16":{"start":{"line":62,"column":31},"end":{"line":62,"column":34}},"17":{"start":{"line":62,"column":26},"end":{"line":62,"column":31}},"18":{"start":{"line":64,"column":4},"end":{"line":68,"column":null}},"19":{"start":{"line":72,"column":2},"end":{"line":72,"column":36}},"20":{"start":{"line":80,"column":23},"end":{"line":80,"column":93}},"21":{"start":{"line":82,"column":2},"end":{"line":84,"column":3}},"22":{"start":{"line":83,"column":4},"end":{"line":83,"column":48}},"23":{"start":{"line":87,"column":29},"end":{"line":87,"column":41}},"24":{"start":{"line":87,"column":24},"end":{"line":87,"column":29}},"25":{"start":{"line":89,"column":17},"end":{"line":93,"column":null}},"26":{"start":{"line":97,"column":2},"end":{"line":97,"column":19}},"27":{"start":{"line":104,"column":20},"end":{"line":104,"column":87}},"28":{"start":{"line":106,"column":2},"end":{"line":108,"column":3}},"29":{"start":{"line":107,"column":4},"end":{"line":107,"column":53}},"30":{"start":{"line":110,"column":2},"end":{"line":110,"column":19}}},"fnMap":{"0":{"name":"getPublicApartments","decl":{"start":{"line":12,"column":22},"end":{"line":12,"column":41}},"loc":{"start":{"line":12,"column":71},"end":{"line":30,"column":null}}},"1":{"name":"getAdminApartments","decl":{"start":{"line":35,"column":22},"end":{"line":35,"column":40}},"loc":{"start":{"line":35,"column":69},"end":{"line":73,"column":null}}},"2":{"name":"(anonymous_22)","decl":{"start":{"line":60,"column":39},"end":{"line":60,"column":40}},"loc":{"start":{"line":60,"column":47},"end":{"line":70,"column":3}}},"3":{"name":"getApartmentDetail","decl":{"start":{"line":78,"column":22},"end":{"line":78,"column":40}},"loc":{"start":{"line":78,"column":60},"end":{"line":98,"column":null}}},"4":{"name":"getPublicApartmentDetail","decl":{"start":{"line":103,"column":22},"end":{"line":103,"column":46}},"loc":{"start":{"line":103,"column":57},"end":{"line":111,"column":null}}}},"branchMap":{"0":{"loc":{"start":{"line":17,"column":8},"end":{"line":22,"column":6}},"type":"binary-expr","locations":[{"start":{"line":17,"column":8},"end":{"line":17,"column":15}},{"start":{"line":17,"column":19},"end":{"line":22,"column":6}}]},"1":{"loc":{"start":{"line":24,"column":10},"end":{"line":24,"column":68}},"type":"cond-expr","locations":[{"start":{"line":24,"column":17},"end":{"line":24,"column":56}},{"start":{"line":24,"column":59},"end":{"line":24,"column":68}}]},"2":{"loc":{"start":{"line":25,"column":13},"end":{"line":25,"column":77}},"type":"cond-expr","locations":[{"start":{"line":25,"column":23},"end":{"line":25,"column":65}},{"start":{"line":25,"column":68},"end":{"line":25,"column":77}}]},"3":{"loc":{"start":{"line":36,"column":57},"end":{"line":36,"column":65}},"type":"default-arg","locations":[{"start":{"line":36,"column":64},"end":{"line":36,"column":65}}]},"4":{"loc":{"start":{"line":36,"column":67},"end":{"line":36,"column":77}},"type":"default-arg","locations":[{"start":{"line":36,"column":75},"end":{"line":36,"column":77}}]},"5":{"loc":{"start":{"line":39,"column":8},"end":{"line":44,"column":6}},"type":"binary-expr","locations":[{"start":{"line":39,"column":8},"end":{"line":39,"column":21}},{"start":{"line":39,"column":25},"end":{"line":44,"column":6}}]},"6":{"loc":{"start":{"line":45,"column":10},"end":{"line":45,"column":68}},"type":"cond-expr","locations":[{"start":{"line":45,"column":17},"end":{"line":45,"column":56}},{"start":{"line":45,"column":59},"end":{"line":45,"column":68}}]},"7":{"loc":{"start":{"line":46,"column":13},"end":{"line":46,"column":77}},"type":"cond-expr","locations":[{"start":{"line":46,"column":23},"end":{"line":46,"column":65}},{"start":{"line":46,"column":68},"end":{"line":46,"column":77}}]},"8":{"loc":{"start":{"line":47,"column":21},"end":{"line":47,"column":49}},"type":"binary-expr","locations":[{"start":{"line":47,"column":21},"end":{"line":47,"column":36}},{"start":{"line":47,"column":40},"end":{"line":47,"column":49}}]},"9":{"loc":{"start":{"line":66,"column":17},"end":{"line":66,"column":36}},"type":"cond-expr","locations":[{"start":{"line":66,"column":28},"end":{"line":66,"column":32}},{"start":{"line":66,"column":32},"end":{"line":66,"column":36}}]},"10":{"loc":{"start":{"line":66,"column":17},"end":{"line":66,"column":32}},"type":"binary-expr","locations":[{"start":{"line":66,"column":17},"end":{"line":66,"column":32}},{"start":{"line":66,"column":28},"end":{"line":66,"column":32}}]},"11":{"loc":{"start":{"line":66,"column":17},"end":{"line":66,"column":28}},"type":"cond-expr","locations":[{"start":{"line":66,"column":22},"end":{"line":66,"column":24}},{"start":{"line":66,"column":17},"end":{"line":66,"column":28}}]},"12":{"loc":{"start":{"line":66,"column":17},"end":{"line":66,"column":24}},"type":"binary-expr","locations":[{"start":{"line":66,"column":17},"end":{"line":66,"column":24}},{"start":{"line":66,"column":17},"end":{"line":66,"column":24}}]},"13":{"loc":{"start":{"line":67,"column":20},"end":{"line":67,"column":42}},"type":"cond-expr","locations":[{"start":{"line":67,"column":34},"end":{"line":67,"column":38}},{"start":{"line":67,"column":38},"end":{"line":67,"column":42}}]},"14":{"loc":{"start":{"line":67,"column":20},"end":{"line":67,"column":38}},"type":"binary-expr","locations":[{"start":{"line":67,"column":20},"end":{"line":67,"column":38}},{"start":{"line":67,"column":34},"end":{"line":67,"column":38}}]},"15":{"loc":{"start":{"line":67,"column":20},"end":{"line":67,"column":34}},"type":"cond-expr","locations":[{"start":{"line":67,"column":25},"end":{"line":67,"column":27}},{"start":{"line":67,"column":20},"end":{"line":67,"column":34}}]},"16":{"loc":{"start":{"line":67,"column":20},"end":{"line":67,"column":27}},"type":"binary-expr","locations":[{"start":{"line":67,"column":20},"end":{"line":67,"column":27}},{"start":{"line":67,"column":20},"end":{"line":67,"column":27}}]},"17":{"loc":{"start":{"line":68,"column":18},"end":{"line":68,"column":38}},"type":"cond-expr","locations":[{"start":{"line":68,"column":30},"end":{"line":68,"column":34}},{"start":{"line":68,"column":34},"end":{"line":68,"column":38}}]},"18":{"loc":{"start":{"line":68,"column":18},"end":{"line":68,"column":34}},"type":"binary-expr","locations":[{"start":{"line":68,"column":18},"end":{"line":68,"column":34}},{"start":{"line":68,"column":30},"end":{"line":68,"column":34}}]},"19":{"loc":{"start":{"line":68,"column":18},"end":{"line":68,"column":30}},"type":"cond-expr","locations":[{"start":{"line":68,"column":23},"end":{"line":68,"column":25}},{"start":{"line":68,"column":18},"end":{"line":68,"column":30}}]},"20":{"loc":{"start":{"line":68,"column":18},"end":{"line":68,"column":25}},"type":"binary-expr","locations":[{"start":{"line":68,"column":18},"end":{"line":68,"column":25}},{"start":{"line":68,"column":18},"end":{"line":68,"column":25}}]},"21":{"loc":{"start":{"line":82,"column":2},"end":{"line":84,"column":3}},"type":"if","locations":[{"start":{"line":82,"column":2},"end":{"line":84,"column":3}}]},"22":{"loc":{"start":{"line":91,"column":15},"end":{"line":91,"column":34}},"type":"cond-expr","locations":[{"start":{"line":91,"column":26},"end":{"line":91,"column":30}},{"start":{"line":91,"column":30},"end":{"line":91,"column":34}}]},"23":{"loc":{"start":{"line":91,"column":15},"end":{"line":91,"column":30}},"type":"binary-expr","locations":[{"start":{"line":91,"column":15},"end":{"line":91,"column":30}},{"start":{"line":91,"column":26},"end":{"line":91,"column":30}}]},"24":{"loc":{"start":{"line":91,"column":15},"end":{"line":91,"column":26}},"type":"cond-expr","locations":[{"start":{"line":91,"column":20},"end":{"line":91,"column":22}},{"start":{"line":91,"column":15},"end":{"line":91,"column":26}}]},"25":{"loc":{"start":{"line":91,"column":15},"end":{"line":91,"column":22}},"type":"binary-expr","locations":[{"start":{"line":91,"column":15},"end":{"line":91,"column":22}},{"start":{"line":91,"column":15},"end":{"line":91,"column":22}}]},"26":{"loc":{"start":{"line":92,"column":18},"end":{"line":92,"column":40}},"type":"cond-expr","locations":[{"start":{"line":92,"column":32},"end":{"line":92,"column":36}},{"start":{"line":92,"column":36},"end":{"line":92,"column":40}}]},"27":{"loc":{"start":{"line":92,"column":18},"end":{"line":92,"column":36}},"type":"binary-expr","locations":[{"start":{"line":92,"column":18},"end":{"line":92,"column":36}},{"start":{"line":92,"column":32},"end":{"line":92,"column":36}}]},"28":{"loc":{"start":{"line":92,"column":18},"end":{"line":92,"column":32}},"type":"cond-expr","locations":[{"start":{"line":92,"column":23},"end":{"line":92,"column":25}},{"start":{"line":92,"column":18},"end":{"line":92,"column":32}}]},"29":{"loc":{"start":{"line":92,"column":18},"end":{"line":92,"column":25}},"type":"binary-expr","locations":[{"start":{"line":92,"column":18},"end":{"line":92,"column":25}},{"start":{"line":92,"column":18},"end":{"line":92,"column":25}}]},"30":{"loc":{"start":{"line":93,"column":16},"end":{"line":93,"column":36}},"type":"cond-expr","locations":[{"start":{"line":93,"column":28},"end":{"line":93,"column":32}},{"start":{"line":93,"column":32},"end":{"line":93,"column":36}}]},"31":{"loc":{"start":{"line":93,"column":16},"end":{"line":93,"column":32}},"type":"binary-expr","locations":[{"start":{"line":93,"column":16},"end":{"line":93,"column":32}},{"start":{"line":93,"column":28},"end":{"line":93,"column":32}}]},"32":{"loc":{"start":{"line":93,"column":16},"end":{"line":93,"column":28}},"type":"cond-expr","locations":[{"start":{"line":93,"column":21},"end":{"line":93,"column":23}},{"start":{"line":93,"column":16},"end":{"line":93,"column":28}}]},"33":{"loc":{"start":{"line":93,"column":16},"end":{"line":93,"column":23}},"type":"binary-expr","locations":[{"start":{"line":93,"column":16},"end":{"line":93,"column":23}},{"start":{"line":93,"column":16},"end":{"line":93,"column":23}}]},"34":{"loc":{"start":{"line":106,"column":2},"end":{"line":108,"column":3}},"type":"if","locations":[{"start":{"line":106,"column":2},"end":{"line":108,"column":3}}]}},"s":{"0":1,"1":1,"2":1,"3":1,"4":1,"5":1,"6":1,"7":0,"8":0,"9":0,"10":0,"11":0,"12":0,"13":0,"14":0,"15":0,"16":0,"17":0,"18":0,"19":0,"20":0,"21":0,"22":0,"23":0,"24":0,"25":0,"26":0,"27":0,"28":0,"29":0,"30":0},"f":{"0":0,"1":0,"2":0,"3":0,"4":0},"b":{"0":[0,0],"1":[0,0],"2":[0,0],"3":[0],"4":[0],"5":[0,0],"6":[0,0],"7":[0,0],"8":[0,0],"9":[0,0],"10":[0,0],"11":[0,0],"12":[0,0],"13":[0,0],"14":[0,0],"15":[0,0],"16":[0,0],"17":[0,0],"18":[0,0],"19":[0,0],"20":[0,0],"21":[0],"22":[0,0],"23":[0,0],"24":[0,0],"25":[0,0],"26":[0,0],"27":[0,0],"28":[0,0],"29":[0,0],"30":[0,0],"31":[0,0],"32":[0,0],"33":[0,0],"34":[0]}}
,"/home/rjstns23/nb-06-welive-team5/src/apartments/apartment.struct.ts": {"path":"/home/rjstns23/nb-06-welive-team5/src/apartments/apartment.struct.ts","statementMap":{"0":{"start":{"line":1,"column":0},"end":{"line":1,"column":33}},"1":{"start":{"line":4,"column":21},"end":{"line":4,"column":71}},"2":{"start":{"line":4,"column":61},"end":{"line":4,"column":70}},"3":{"start":{"line":7,"column":13},"end":{"line":11,"column":3}},"4":{"start":{"line":16,"column":13},"end":{"line":23,"column":3}},"5":{"start":{"line":28,"column":11},"end":{"line":28,"column":33}},"6":{"start":{"line":30,"column":13},"end":{"line":32,"column":3}}},"fnMap":{"0":{"name":"(anonymous_9)","decl":{"start":{"line":4,"column":54},"end":{"line":4,"column":55}},"loc":{"start":{"line":4,"column":61},"end":{"line":4,"column":70}}}},"branchMap":{},"s":{"0":1,"1":1,"2":0,"3":1,"4":1,"5":1,"6":1},"f":{"0":0},"b":{}}
,"/home/rjstns23/nb-06-welive-team5/src/libs/catchAsync.ts": {"path":"/home/rjstns23/nb-06-welive-team5/src/libs/catchAsync.ts","statementMap":{"0":{"start":{"line":3,"column":26},"end":{"line":7,"column":1}},"1":{"start":{"line":4,"column":4},"end":{"line":6,"column":6}},"2":{"start":{"line":5,"column":8},"end":{"line":5,"column":56}},"3":{"start":{"line":3,"column":13},"end":{"line":3,"column":26}},"4":{"start":{"line":9,"column":29},"end":{"line":11,"column":1}},"5":{"start":{"line":10,"column":4},"end":{"line":10,"column":31}},"6":{"start":{"line":9,"column":13},"end":{"line":9,"column":29}}},"fnMap":{"0":{"name":"(anonymous_0)","decl":{"start":{"line":3,"column":26},"end":{"line":3,"column":27}},"loc":{"start":{"line":3,"column":65},"end":{"line":7,"column":1}}},"1":{"name":"(anonymous_1)","decl":{"start":{"line":4,"column":11},"end":{"line":4,"column":12}},"loc":{"start":{"line":4,"column":84},"end":{"line":6,"column":5}}},"2":{"name":"(anonymous_2)","decl":{"start":{"line":9,"column":29},"end":{"line":9,"column":30}},"loc":{"start":{"line":9,"column":76},"end":{"line":11,"column":1}}}},"branchMap":{},"s":{"0":1,"1":4,"2":5,"3":1,"4":1,"5":0,"6":1},"f":{"0":4,"1":5,"2":0},"b":{}}
,"/home/rjstns23/nb-06-welive-team5/src/libs/constants.ts": {"path":"/home/rjstns23/nb-06-welive-team5/src/libs/constants.ts","statementMap":{"0":{"start":{"line":1,"column":0},"end":{"line":1,"column":33}},"1":{"start":{"line":2,"column":0},"end":{"line":2,"column":23}},"2":{"start":{"line":37,"column":9},"end":{"line":2,"column":54}},"3":{"start":{"line":3,"column":0},"end":{"line":3,"column":83}},"4":{"start":{"line":4,"column":0},"end":{"line":4,"column":43}},"5":{"start":{"line":45,"column":9},"end":{"line":45,"column":20}},"6":{"start":{"line":5,"column":0},"end":{"line":5,"column":7}},"7":{"start":{"line":46,"column":9},"end":{"line":5,"column":29}},"8":{"start":{"line":7,"column":0},"end":{"line":7,"column":16}},"9":{"start":{"line":14,"column":20},"end":{"line":22,"column":2}},"10":{"start":{"line":24,"column":0},"end":{"line":29,"column":3}},"11":{"start":{"line":25,"column":2},"end":{"line":28,"column":3}},"12":{"start":{"line":27,"column":4},"end":{"line":27,"column":76}},"13":{"start":{"line":34,"column":13},"end":{"line":34,"column":31}},"14":{"start":{"line":35,"column":13},"end":{"line":35,"column":45}},"15":{"start":{"line":36,"column":13},"end":{"line":36,"column":47}},"16":{"start":{"line":44,"column":13},"end":{"line":44,"column":68}},"17":{"start":{"line":48,"column":13},"end":{"line":48,"column":38}},"18":{"start":{"line":49,"column":13},"end":{"line":49,"column":37}},"19":{"start":{"line":53,"column":13},"end":{"line":53,"column":62}},"20":{"start":{"line":54,"column":13},"end":{"line":54,"column":54}},"21":{"start":{"line":55,"column":13},"end":{"line":55,"column":56}},"22":{"start":{"line":61,"column":13},"end":{"line":61,"column":76}},"23":{"start":{"line":62,"column":13},"end":{"line":62,"column":78}},"24":{"start":{"line":63,"column":13},"end":{"line":63,"column":50}},"25":{"start":{"line":64,"column":13},"end":{"line":64,"column":64}},"26":{"start":{"line":65,"column":13},"end":{"line":65,"column":72}},"27":{"start":{"line":66,"column":13},"end":{"line":66,"column":58}},"28":{"start":{"line":68,"column":0},"end":{"line":68,"column":45}},"29":{"start":{"line":68,"column":45},"end":{"line":68,"column":56}},"30":{"start":{"line":68,"column":56},"end":{"line":68,"column":97}},"31":{"start":{"line":72,"column":13},"end":{"line":72,"column":43}}},"fnMap":{"0":{"name":"(anonymous_10)","decl":{"start":{"line":37,"column":9},"end":{"line":37,"column":15}},"loc":{"start":{"line":37,"column":9},"end":{"line":2,"column":54}}},"1":{"name":"(anonymous_11)","decl":{"start":{"line":24,"column":20},"end":{"line":24,"column":21}},"loc":{"start":{"line":24,"column":29},"end":{"line":29,"column":1}}},"2":{"name":"(anonymous_12)","decl":{"start":{"line":68,"column":45},"end":{"line":68,"column":54}},"loc":{"start":{"line":68,"column":45},"end":{"line":68,"column":56}}},"3":{"name":"(anonymous_13)","decl":{"start":{"line":68,"column":56},"end":{"line":68,"column":72}},"loc":{"start":{"line":68,"column":56},"end":{"line":68,"column":97}}}},"branchMap":{"0":{"loc":{"start":{"line":25,"column":2},"end":{"line":28,"column":3}},"type":"if","locations":[{"start":{"line":25,"column":2},"end":{"line":28,"column":3}}]},"1":{"loc":{"start":{"line":35,"column":20},"end":{"line":35,"column":44}},"type":"binary-expr","locations":[{"start":{"line":35,"column":20},"end":{"line":35,"column":36}},{"start":{"line":35,"column":40},"end":{"line":35,"column":44}}]},"2":{"loc":{"start":{"line":53,"column":24},"end":{"line":53,"column":61}},"type":"binary-expr","locations":[{"start":{"line":53,"column":24},"end":{"line":53,"column":44}},{"start":{"line":53,"column":48},"end":{"line":53,"column":61}}]}},"s":{"0":2,"1":2,"2":4,"3":2,"4":2,"5":2,"6":2,"7":2,"8":2,"9":2,"10":2,"11":14,"12":0,"13":2,"14":2,"15":2,"16":2,"17":2,"18":2,"19":2,"20":2,"21":2,"22":2,"23":2,"24":2,"25":2,"26":2,"27":2,"28":2,"29":2,"30":2,"31":2},"f":{"0":2,"1":14,"2":0,"3":0},"b":{"0":[0],"1":[2,0],"2":[2,0]}}
,"/home/rjstns23/nb-06-welive-team5/src/libs/errors/BadRequestError.ts": {"path":"/home/rjstns23/nb-06-welive-team5/src/libs/errors/BadRequestError.ts","statementMap":{"0":{"start":{"line":3,"column":4},"end":{"line":3,"column":19}},"1":{"start":{"line":4,"column":4},"end":{"line":4,"column":34}},"2":{"start":{"line":8,"column":0},"end":{"line":8,"column":31}}},"fnMap":{"0":{"name":"(anonymous_0)","decl":{"start":{"line":2,"column":2},"end":{"line":2,"column":14}},"loc":{"start":{"line":2,"column":29},"end":{"line":5,"column":3}}}},"branchMap":{},"s":{"0":0,"1":0,"2":1},"f":{"0":0},"b":{}}
,"/home/rjstns23/nb-06-welive-team5/src/libs/errors/ConflictError.ts": {"path":"/home/rjstns23/nb-06-welive-team5/src/libs/errors/ConflictError.ts","statementMap":{"0":{"start":{"line":3,"column":4},"end":{"line":3,"column":19}},"1":{"start":{"line":4,"column":4},"end":{"line":4,"column":32}},"2":{"start":{"line":8,"column":0},"end":{"line":8,"column":29}}},"fnMap":{"0":{"name":"(anonymous_0)","decl":{"start":{"line":2,"column":2},"end":{"line":2,"column":14}},"loc":{"start":{"line":2,"column":29},"end":{"line":5,"column":3}}}},"branchMap":{},"s":{"0":0,"1":0,"2":1},"f":{"0":0},"b":{}}
,"/home/rjstns23/nb-06-welive-team5/src/libs/errors/ForbiddenError.ts": {"path":"/home/rjstns23/nb-06-welive-team5/src/libs/errors/ForbiddenError.ts","statementMap":{"0":{"start":{"line":3,"column":4},"end":{"line":3,"column":19}},"1":{"start":{"line":4,"column":4},"end":{"line":4,"column":33}},"2":{"start":{"line":8,"column":0},"end":{"line":8,"column":30}}},"fnMap":{"0":{"name":"(anonymous_0)","decl":{"start":{"line":2,"column":2},"end":{"line":2,"column":14}},"loc":{"start":{"line":2,"column":29},"end":{"line":5,"column":3}}}},"branchMap":{},"s":{"0":0,"1":0,"2":1},"f":{"0":0},"b":{}}
,"/home/rjstns23/nb-06-welive-team5/src/libs/errors/NotFoundError.ts": {"path":"/home/rjstns23/nb-06-welive-team5/src/libs/errors/NotFoundError.ts","statementMap":{"0":{"start":{"line":3,"column":4},"end":{"line":3,"column":19}},"1":{"start":{"line":4,"column":4},"end":{"line":4,"column":32}},"2":{"start":{"line":8,"column":0},"end":{"line":8,"column":29}}},"fnMap":{"0":{"name":"(anonymous_0)","decl":{"start":{"line":2,"column":2},"end":{"line":2,"column":14}},"loc":{"start":{"line":2,"column":29},"end":{"line":5,"column":3}}}},"branchMap":{},"s":{"0":0,"1":0,"2":2},"f":{"0":0},"b":{}}
,"/home/rjstns23/nb-06-welive-team5/src/libs/errors/UnauthorizedError.ts": {"path":"/home/rjstns23/nb-06-welive-team5/src/libs/errors/UnauthorizedError.ts","statementMap":{"0":{"start":{"line":3,"column":4},"end":{"line":3,"column":19}},"1":{"start":{"line":4,"column":4},"end":{"line":4,"column":36}},"2":{"start":{"line":8,"column":0},"end":{"line":8,"column":33}}},"fnMap":{"0":{"name":"(anonymous_0)","decl":{"start":{"line":2,"column":2},"end":{"line":2,"column":14}},"loc":{"start":{"line":2,"column":29},"end":{"line":5,"column":3}}}},"branchMap":{},"s":{"0":0,"1":0,"2":1},"f":{"0":0},"b":{}}
,"/home/rjstns23/nb-06-welive-team5/src/libs/errors/ValidationError.ts": {"path":"/home/rjstns23/nb-06-welive-team5/src/libs/errors/ValidationError.ts","statementMap":{"0":{"start":{"line":3,"column":4},"end":{"line":3,"column":19}},"1":{"start":{"line":4,"column":4},"end":{"line":4,"column":34}},"2":{"start":{"line":8,"column":0},"end":{"line":8,"column":31}}},"fnMap":{"0":{"name":"(anonymous_0)","decl":{"start":{"line":2,"column":2},"end":{"line":2,"column":14}},"loc":{"start":{"line":2,"column":29},"end":{"line":5,"column":3}}}},"branchMap":{},"s":{"0":0,"1":0,"2":1},"f":{"0":0},"b":{}}
,"/home/rjstns23/nb-06-welive-team5/src/libs/errors/errorHandler.ts": {"path":"/home/rjstns23/nb-06-welive-team5/src/libs/errors/errorHandler.ts","statementMap":{"0":{"start":{"line":32,"column":0},"end":{"line":32,"column":16}},"1":{"start":{"line":1,"column":0},"end":{"line":1,"column":28}},"2":{"start":{"line":2,"column":0},"end":{"line":2,"column":42}},"3":{"start":{"line":3,"column":0},"end":{"line":3,"column":94}},"4":{"start":{"line":6,"column":0},"end":{"line":6,"column":48}},"5":{"start":{"line":7,"column":0},"end":{"line":7,"column":44}},"6":{"start":{"line":8,"column":0},"end":{"line":8,"column":46}},"7":{"start":{"line":9,"column":0},"end":{"line":9,"column":44}},"8":{"start":{"line":10,"column":0},"end":{"line":10,"column":52}},"9":{"start":{"line":11,"column":0},"end":{"line":11,"column":48}},"10":{"start":{"line":21,"column":8},"end":{"line":21,"column":23}},"11":{"start":{"line":22,"column":8},"end":{"line":22,"column":37}},"12":{"start":{"line":23,"column":8},"end":{"line":23,"column":42}},"13":{"start":{"line":24,"column":8},"end":{"line":24,"column":25}},"14":{"start":{"line":25,"column":8},"end":{"line":25,"column":56}},"15":{"start":{"line":16,"column":0},"end":{"line":16,"column":13}},"16":{"start":{"line":33,"column":4},"end":{"line":36,"column":7}},"17":{"start":{"line":42,"column":34},"end":{"line":112,"column":1}},"18":{"start":{"line":49,"column":21},"end":{"line":49,"column":56}},"19":{"start":{"line":50,"column":18},"end":{"line":50,"column":52}},"20":{"start":{"line":51,"column":15},"end":{"line":51,"column":31}},"21":{"start":{"line":54,"column":4},"end":{"line":100,"column":5}},"22":{"start":{"line":55,"column":8},"end":{"line":55,"column":25}},"23":{"start":{"line":56,"column":8},"end":{"line":56,"column":61}},"24":{"start":{"line":57,"column":11},"end":{"line":100,"column":5}},"25":{"start":{"line":58,"column":8},"end":{"line":64,"column":9}},"26":{"start":{"line":59,"column":12},"end":{"line":59,"column":29}},"27":{"start":{"line":60,"column":12},"end":{"line":60,"column":50}},"28":{"start":{"line":61,"column":15},"end":{"line":64,"column":9}},"29":{"start":{"line":62,"column":12},"end":{"line":62,"column":29}},"30":{"start":{"line":63,"column":12},"end":{"line":63,"column":44}},"31":{"start":{"line":68,"column":9},"end":{"line":100,"column":5}},"32":{"start":{"line":69,"column":8},"end":{"line":69,"column":25}},"33":{"start":{"line":70,"column":8},"end":{"line":78,"column":9}},"34":{"start":{"line":71,"column":12},"end":{"line":71,"column":39}},"35":{"start":{"line":72,"column":15},"end":{"line":78,"column":9}},"36":{"start":{"line":73,"column":12},"end":{"line":73,"column":40}},"37":{"start":{"line":74,"column":15},"end":{"line":78,"column":9}},"38":{"start":{"line":75,"column":10},"end":{"line":75,"column":null}},"39":{"start":{"line":77,"column":12},"end":{"line":77,"column":45}},"40":{"start":{"line":82,"column":9},"end":{"line":100,"column":5}},"41":{"start":{"line":83,"column":8},"end":{"line":83,"column":25}},"42":{"start":{"line":84,"column":8},"end":{"line":84,"column":30}},"43":{"start":{"line":85,"column":11},"end":{"line":100,"column":5}},"44":{"start":{"line":86,"column":8},"end":{"line":86,"column":25}},"45":{"start":{"line":87,"column":8},"end":{"line":87,"column":30}},"46":{"start":{"line":88,"column":11},"end":{"line":100,"column":5}},"47":{"start":{"line":89,"column":8},"end":{"line":89,"column":25}},"48":{"start":{"line":90,"column":8},"end":{"line":90,"column":30}},"49":{"start":{"line":91,"column":11},"end":{"line":100,"column":5}},"50":{"start":{"line":92,"column":8},"end":{"line":92,"column":25}},"51":{"start":{"line":93,"column":8},"end":{"line":93,"column":30}},"52":{"start":{"line":94,"column":11},"end":{"line":100,"column":5}},"53":{"start":{"line":95,"column":8},"end":{"line":95,"column":25}},"54":{"start":{"line":96,"column":8},"end":{"line":96,"column":30}},"55":{"start":{"line":97,"column":11},"end":{"line":100,"column":5}},"56":{"start":{"line":98,"column":8},"end":{"line":98,"column":25}},"57":{"start":{"line":99,"column":8},"end":{"line":99,"column":30}},"58":{"start":{"line":103,"column":4},"end":{"line":103,"column":93}},"59":{"start":{"line":106,"column":4},"end":{"line":111,"column":7}},"60":{"start":{"line":42,"column":13},"end":{"line":42,"column":34}},"61":{"start":{"line":114,"column":0},"end":{"line":114,"column":34}}},"fnMap":{"0":{"name":"(anonymous_1)","decl":{"start":{"line":20,"column":4},"end":{"line":20,"column":16}},"loc":{"start":{"line":20,"column":59},"end":{"line":26,"column":5}}},"1":{"name":"defaultNotFoundHandler","decl":{"start":{"line":32,"column":16},"end":{"line":32,"column":38}},"loc":{"start":{"line":32,"column":80},"end":{"line":37,"column":1}}},"2":{"name":"(anonymous_3)","decl":{"start":{"line":42,"column":34},"end":{"line":42,"column":null}},"loc":{"start":{"line":47,"column":4},"end":{"line":112,"column":1}}}},"branchMap":{"0":{"loc":{"start":{"line":20,"column":16},"end":{"line":20,"column":32}},"type":"default-arg","locations":[{"start":{"line":20,"column":29},"end":{"line":20,"column":32}}]},"1":{"loc":{"start":{"line":20,"column":34},"end":{"line":20,"column":46}},"type":"default-arg","locations":[{"start":{"line":20,"column":44},"end":{"line":20,"column":46}}]},"2":{"loc":{"start":{"line":20,"column":48},"end":{"line":20,"column":59}},"type":"default-arg","locations":[{"start":{"line":20,"column":55},"end":{"line":20,"column":59}}]},"3":{"loc":{"start":{"line":49,"column":21},"end":{"line":49,"column":56}},"type":"binary-expr","locations":[{"start":{"line":49,"column":21},"end":{"line":49,"column":35}},{"start":{"line":49,"column":39},"end":{"line":49,"column":49}},{"start":{"line":49,"column":53},"end":{"line":49,"column":56}}]},"4":{"loc":{"start":{"line":50,"column":18},"end":{"line":50,"column":52}},"type":"binary-expr","locations":[{"start":{"line":50,"column":18},"end":{"line":50,"column":29}},{"start":{"line":50,"column":33},"end":{"line":50,"column":52}}]},"5":{"loc":{"start":{"line":51,"column":15},"end":{"line":51,"column":31}},"type":"binary-expr","locations":[{"start":{"line":51,"column":15},"end":{"line":51,"column":23}},{"start":{"line":51,"column":27},"end":{"line":51,"column":31}}]},"6":{"loc":{"start":{"line":54,"column":4},"end":{"line":100,"column":5}},"type":"if","locations":[{"start":{"line":54,"column":4},"end":{"line":100,"column":5}},{"start":{"line":57,"column":11},"end":{"line":100,"column":5}}]},"7":{"loc":{"start":{"line":57,"column":11},"end":{"line":100,"column":5}},"type":"if","locations":[{"start":{"line":57,"column":11},"end":{"line":100,"column":5}},{"start":{"line":68,"column":9},"end":{"line":100,"column":5}}]},"8":{"loc":{"start":{"line":58,"column":8},"end":{"line":64,"column":9}},"type":"if","locations":[{"start":{"line":58,"column":8},"end":{"line":64,"column":9}},{"start":{"line":61,"column":15},"end":{"line":64,"column":9}}]},"9":{"loc":{"start":{"line":61,"column":15},"end":{"line":64,"column":9}},"type":"if","locations":[{"start":{"line":61,"column":15},"end":{"line":64,"column":9}}]},"10":{"loc":{"start":{"line":68,"column":9},"end":{"line":100,"column":5}},"type":"if","locations":[{"start":{"line":68,"column":9},"end":{"line":100,"column":5}},{"start":{"line":82,"column":9},"end":{"line":100,"column":5}}]},"11":{"loc":{"start":{"line":70,"column":8},"end":{"line":78,"column":9}},"type":"if","locations":[{"start":{"line":70,"column":8},"end":{"line":78,"column":9}},{"start":{"line":72,"column":15},"end":{"line":78,"column":9}}]},"12":{"loc":{"start":{"line":72,"column":15},"end":{"line":78,"column":9}},"type":"if","locations":[{"start":{"line":72,"column":15},"end":{"line":78,"column":9}},{"start":{"line":74,"column":15},"end":{"line":78,"column":9}}]},"13":{"loc":{"start":{"line":74,"column":15},"end":{"line":78,"column":9}},"type":"if","locations":[{"start":{"line":74,"column":15},"end":{"line":78,"column":9}},{"start":{"line":76,"column":15},"end":{"line":78,"column":9}}]},"14":{"loc":{"start":{"line":82,"column":9},"end":{"line":100,"column":5}},"type":"if","locations":[{"start":{"line":82,"column":9},"end":{"line":100,"column":5}},{"start":{"line":85,"column":11},"end":{"line":100,"column":5}}]},"15":{"loc":{"start":{"line":82,"column":13},"end":{"line":82,"column":73}},"type":"binary-expr","locations":[{"start":{"line":82,"column":13},"end":{"line":82,"column":39}},{"start":{"line":82,"column":43},"end":{"line":82,"column":73}}]},"16":{"loc":{"start":{"line":85,"column":11},"end":{"line":100,"column":5}},"type":"if","locations":[{"start":{"line":85,"column":11},"end":{"line":100,"column":5}},{"start":{"line":88,"column":11},"end":{"line":100,"column":5}}]},"17":{"loc":{"start":{"line":88,"column":11},"end":{"line":100,"column":5}},"type":"if","locations":[{"start":{"line":88,"column":11},"end":{"line":100,"column":5}},{"start":{"line":91,"column":11},"end":{"line":100,"column":5}}]},"18":{"loc":{"start":{"line":91,"column":11},"end":{"line":100,"column":5}},"type":"if","locations":[{"start":{"line":91,"column":11},"end":{"line":100,"column":5}},{"start":{"line":94,"column":11},"end":{"line":100,"column":5}}]},"19":{"loc":{"start":{"line":94,"column":11},"end":{"line":100,"column":5}},"type":"if","locations":[{"start":{"line":94,"column":11},"end":{"line":100,"column":5}},{"start":{"line":97,"column":11},"end":{"line":100,"column":5}}]},"20":{"loc":{"start":{"line":97,"column":11},"end":{"line":100,"column":5}},"type":"if","locations":[{"start":{"line":97,"column":11},"end":{"line":100,"column":5}}]},"21":{"loc":{"start":{"line":103,"column":45},"end":{"line":103,"column":66}},"type":"binary-expr","locations":[{"start":{"line":103,"column":45},"end":{"line":103,"column":53}},{"start":{"line":103,"column":57},"end":{"line":103,"column":66}}]},"22":{"loc":{"start":{"line":109,"column":12},"end":{"line":109,"column":28}},"type":"binary-expr","locations":[{"start":{"line":109,"column":12},"end":{"line":109,"column":16}},{"start":{"line":109,"column":20},"end":{"line":109,"column":28}}]},"23":{"loc":{"start":{"line":110,"column":12},"end":{"line":110,"column":74}},"type":"binary-expr","locations":[{"start":{"line":110,"column":12},"end":{"line":110,"column":50}},{"start":{"line":110,"column":54},"end":{"line":110,"column":74}}]}},"s":{"0":1,"1":1,"2":1,"3":1,"4":1,"5":1,"6":1,"7":1,"8":1,"9":1,"10":0,"11":0,"12":0,"13":0,"14":0,"15":1,"16":0,"17":1,"18":1,"19":1,"20":1,"21":1,"22":0,"23":0,"24":1,"25":0,"26":0,"27":0,"28":0,"29":0,"30":0,"31":1,"32":0,"33":0,"34":0,"35":0,"36":0,"37":0,"38":0,"39":0,"40":1,"41":0,"42":0,"43":1,"44":0,"45":0,"46":1,"47":0,"48":0,"49":1,"50":0,"51":0,"52":1,"53":0,"54":0,"55":1,"56":0,"57":0,"58":1,"59":1,"60":1,"61":1},"f":{"0":0,"1":0,"2":1},"b":{"0":[0],"1":[0],"2":[0],"3":[1,1,1],"4":[1,0],"5":[1,1],"6":[0,1],"7":[0,1],"8":[0,0],"9":[0],"10":[0,1],"11":[0,0],"12":[0,0],"13":[0,0],"14":[0,1],"15":[1,1],"16":[0,1],"17":[0,1],"18":[0,1],"19":[0,1],"20":[0],"21":[1,0],"22":[1,0],"23":[1,0]}}
}
