TN:
SF:src/apartments/apartment.controller.ts
FN:11,getPublicApartments
FN:25,getAdminApartments
FN:40,getApartmentDetail
FN:51,getPublicApartmentDetail
FNF:4
FNH:4
FNDA:1,getPublicApartments
FNDA:1,getAdminApartments
FNDA:2,getApartmentDetail
FNDA:1,getPublicApartmentDetail
DA:2,1
DA:3,1
DA:4,1
DA:5,1
DA:6,1
DA:11,1
DA:12,1
DA:14,1
DA:16,1
DA:25,1
DA:27,1
DA:29,1
DA:31,1
DA:40,1
DA:41,2
DA:43,2
DA:45,1
DA:51,1
DA:52,1
DA:54,1
DA:56,1
LF:21
LH:21
BRF:0
BRH:0
end_of_record
TN:
SF:src/apartments/apartment.repository.ts
FN:17,createApartment
FN:32,createStructureGroup
FN:43,createManyUnits
FN:54,findExistingApartment
FN:69,findUnitInfoById
FN:86,findPublicApartments
FN:113,findAdminApartments
FN:150,findApartmentById
FN:181,findPublicApartmentById
FN:206,updateApartmentInfo
FN:230,findApartmentByAdminId
FN:237,removeApartment
FN:246,activateApartment
FNF:13
FNH:0
FNDA:0,createApartment
FNDA:0,createStructureGroup
FNDA:0,createManyUnits
FNDA:0,findExistingApartment
FNDA:0,findUnitInfoById
FNDA:0,findPublicApartments
FNDA:0,findAdminApartments
FNDA:0,findApartmentById
FNDA:0,findPublicApartmentById
FNDA:0,updateApartmentInfo
FNDA:0,findApartmentByAdminId
FNDA:0,removeApartment
FNDA:0,activateApartment
DA:17,1
DA:21,0
DA:32,1
DA:36,0
DA:43,1
DA:48,0
DA:54,1
DA:60,0
DA:69,1
DA:73,0
DA:86,1
DA:91,0
DA:96,0
DA:113,1
DA:119,0
DA:150,1
DA:154,0
DA:181,1
DA:185,0
DA:206,1
DA:216,0
DA:230,1
DA:231,0
DA:237,1
DA:238,0
DA:246,1
DA:247,0
LF:27
LH:13
BRF:0
BRH:0
end_of_record
TN:
SF:src/apartments/apartment.router.ts
FNF:0
FNH:0
DA:1,1
DA:2,1
DA:3,1
DA:4,1
DA:5,1
DA:6,1
DA:8,1
DA:13,1
DA:18,1
DA:28,1
DA:36,1
DA:43,1
LF:12
LH:12
BRF:0
BRH:0
end_of_record
TN:
SF:src/apartments/apartment.services.ts
FN:12,getPublicApartments
FN:35,getAdminApartments
FN:60,(anonymous_22)
FN:78,getApartmentDetail
FN:103,getPublicApartmentDetail
FNF:5
FNH:0
FNDA:0,getPublicApartments
FNDA:0,getAdminApartments
FNDA:0,(anonymous_22)
FNDA:0,getApartmentDetail
FNDA:0,getPublicApartmentDetail
DA:2,1
DA:4,1
DA:5,1
DA:12,1
DA:13,0
DA:15,0
DA:28,0
DA:29,0
DA:35,1
DA:36,0
DA:38,0
DA:50,0
DA:52,0
DA:60,0
DA:62,0
DA:64,0
DA:72,0
DA:78,1
DA:80,0
DA:82,0
DA:83,0
DA:87,0
DA:89,0
DA:97,0
DA:103,1
DA:104,0
DA:106,0
DA:107,0
DA:110,0
LF:29
LH:7
BRDA:17,0,0,0
BRDA:17,0,1,0
BRDA:24,1,0,0
BRDA:24,1,1,0
BRDA:25,2,0,0
BRDA:25,2,1,0
BRDA:36,3,0,0
BRDA:36,4,0,0
BRDA:39,5,0,0
BRDA:39,5,1,0
BRDA:45,6,0,0
BRDA:45,6,1,0
BRDA:46,7,0,0
BRDA:46,7,1,0
BRDA:47,8,0,0
BRDA:47,8,1,0
BRDA:66,9,0,0
BRDA:66,9,1,0
BRDA:66,10,0,0
BRDA:66,10,1,0
BRDA:66,11,0,0
BRDA:66,11,1,0
BRDA:66,12,0,0
BRDA:66,12,1,0
BRDA:67,13,0,0
BRDA:67,13,1,0
BRDA:67,14,0,0
BRDA:67,14,1,0
BRDA:67,15,0,0
BRDA:67,15,1,0
BRDA:67,16,0,0
BRDA:67,16,1,0
BRDA:68,17,0,0
BRDA:68,17,1,0
BRDA:68,18,0,0
BRDA:68,18,1,0
BRDA:68,19,0,0
BRDA:68,19,1,0
BRDA:68,20,0,0
BRDA:68,20,1,0
BRDA:82,21,0,0
BRDA:91,22,0,0
BRDA:91,22,1,0
BRDA:91,23,0,0
BRDA:91,23,1,0
BRDA:91,24,0,0
BRDA:91,24,1,0
BRDA:91,25,0,0
BRDA:91,25,1,0
BRDA:92,26,0,0
BRDA:92,26,1,0
BRDA:92,27,0,0
BRDA:92,27,1,0
BRDA:92,28,0,0
BRDA:92,28,1,0
BRDA:92,29,0,0
BRDA:92,29,1,0
BRDA:93,30,0,0
BRDA:93,30,1,0
BRDA:93,31,0,0
BRDA:93,31,1,0
BRDA:93,32,0,0
BRDA:93,32,1,0
BRDA:93,33,0,0
BRDA:93,33,1,0
BRDA:106,34,0,0
BRF:66
BRH:0
end_of_record
TN:
SF:src/apartments/apartment.struct.ts
FN:4,(anonymous_9)
FNF:1
FNH:0
FNDA:0,(anonymous_9)
DA:1,1
DA:4,1
DA:7,1
DA:16,1
DA:28,1
DA:30,1
LF:6
LH:6
BRF:0
BRH:0
end_of_record
TN:
SF:src/libs/catchAsync.ts
FN:3,(anonymous_0)
FN:4,(anonymous_1)
FN:9,(anonymous_2)
FNF:3
FNH:2
FNDA:4,(anonymous_0)
FNDA:5,(anonymous_1)
FNDA:0,(anonymous_2)
DA:3,1
DA:4,4
DA:5,5
DA:9,1
DA:10,0
LF:5
LH:4
BRF:0
BRH:0
end_of_record
TN:
SF:src/libs/constants.ts
FN:37,(anonymous_10)
FN:24,(anonymous_11)
FN:68,(anonymous_12)
FN:68,(anonymous_13)
FNF:4
FNH:2
FNDA:2,(anonymous_10)
FNDA:14,(anonymous_11)
FNDA:0,(anonymous_12)
FNDA:0,(anonymous_13)
DA:1,2
DA:2,2
DA:3,2
DA:4,2
DA:5,2
DA:7,2
DA:14,2
DA:24,2
DA:25,14
DA:27,0
DA:34,2
DA:35,2
DA:36,2
DA:37,4
DA:44,2
DA:45,2
DA:46,2
DA:48,2
DA:49,2
DA:53,2
DA:54,2
DA:55,2
DA:61,2
DA:62,2
DA:63,2
DA:64,2
DA:65,2
DA:66,2
DA:68,2
DA:72,2
LF:30
LH:29
BRDA:25,0,0,0
BRDA:35,1,0,2
BRDA:35,1,1,0
BRDA:53,2,0,2
BRDA:53,2,1,0
BRF:5
BRH:2
end_of_record
TN:
SF:src/libs/errors/BadRequestError.ts
FN:2,(anonymous_0)
FNF:1
FNH:0
FNDA:0,(anonymous_0)
DA:3,0
DA:4,0
DA:8,1
LF:3
LH:1
BRF:0
BRH:0
end_of_record
TN:
SF:src/libs/errors/ConflictError.ts
FN:2,(anonymous_0)
FNF:1
FNH:0
FNDA:0,(anonymous_0)
DA:3,0
DA:4,0
DA:8,1
LF:3
LH:1
BRF:0
BRH:0
end_of_record
TN:
SF:src/libs/errors/ForbiddenError.ts
FN:2,(anonymous_0)
FNF:1
FNH:0
FNDA:0,(anonymous_0)
DA:3,0
DA:4,0
DA:8,1
LF:3
LH:1
BRF:0
BRH:0
end_of_record
TN:
SF:src/libs/errors/NotFoundError.ts
FN:2,(anonymous_0)
FNF:1
FNH:0
FNDA:0,(anonymous_0)
DA:3,0
DA:4,0
DA:8,2
LF:3
LH:1
BRF:0
BRH:0
end_of_record
TN:
SF:src/libs/errors/UnauthorizedError.ts
FN:2,(anonymous_0)
FNF:1
FNH:0
FNDA:0,(anonymous_0)
DA:3,0
DA:4,0
DA:8,1
LF:3
LH:1
BRF:0
BRH:0
end_of_record
TN:
SF:src/libs/errors/ValidationError.ts
FN:2,(anonymous_0)
FNF:1
FNH:0
FNDA:0,(anonymous_0)
DA:3,0
DA:4,0
DA:8,1
LF:3
LH:1
BRF:0
BRH:0
end_of_record
TN:
SF:src/libs/errors/errorHandler.ts
FN:20,(anonymous_1)
FN:32,defaultNotFoundHandler
FN:42,(anonymous_3)
FNF:3
FNH:1
FNDA:0,(anonymous_1)
FNDA:0,defaultNotFoundHandler
FNDA:1,(anonymous_3)
DA:1,1
DA:2,1
DA:3,1
DA:6,1
DA:7,1
DA:8,1
DA:9,1
DA:10,1
DA:11,1
DA:16,1
DA:21,0
DA:22,0
DA:23,0
DA:24,0
DA:25,0
DA:32,1
DA:33,0
DA:42,1
DA:49,1
DA:50,1
DA:51,1
DA:54,1
DA:55,0
DA:56,0
DA:57,1
DA:58,0
DA:59,0
DA:60,0
DA:61,0
DA:62,0
DA:63,0
DA:68,1
DA:69,0
DA:70,0
DA:71,0
DA:72,0
DA:73,0
DA:74,0
DA:75,0
DA:77,0
DA:82,1
DA:83,0
DA:84,0
DA:85,1
DA:86,0
DA:87,0
DA:88,1
DA:89,0
DA:90,0
DA:91,1
DA:92,0
DA:93,0
DA:94,1
DA:95,0
DA:96,0
DA:97,1
DA:98,0
DA:99,0
DA:103,1
DA:106,1
DA:114,1
LF:61
LH:27
BRDA:20,0,0,0
BRDA:20,1,0,0
BRDA:20,2,0,0
BRDA:49,3,0,1
BRDA:49,3,1,1
BRDA:49,3,2,1
BRDA:50,4,0,1
BRDA:50,4,1,0
BRDA:51,5,0,1
BRDA:51,5,1,1
BRDA:54,6,0,0
BRDA:54,6,1,1
BRDA:57,7,0,0
BRDA:57,7,1,1
BRDA:58,8,0,0
BRDA:58,8,1,0
BRDA:61,9,0,0
BRDA:68,10,0,0
BRDA:68,10,1,1
BRDA:70,11,0,0
BRDA:70,11,1,0
BRDA:72,12,0,0
BRDA:72,12,1,0
BRDA:74,13,0,0
BRDA:74,13,1,0
BRDA:82,14,0,0
BRDA:82,14,1,1
BRDA:82,15,0,1
BRDA:82,15,1,1
BRDA:85,16,0,0
BRDA:85,16,1,1
BRDA:88,17,0,0
BRDA:88,17,1,1
BRDA:91,18,0,0
BRDA:91,18,1,1
BRDA:94,19,0,0
BRDA:94,19,1,1
BRDA:97,20,0,0
BRDA:103,21,0,1
BRDA:103,21,1,0
BRDA:109,22,0,1
BRDA:109,22,1,0
BRDA:110,23,0,1
BRDA:110,23,1,0
BRF:44
BRH:19
end_of_record
